[12-16 18:44:58]: [INFO] Created column 'regdate' and set the current timestamp, 1734374698173, to all 0 rows
[12-16 18:44:58]: [INFO] SQLite Setup finished
[12-16 18:44:58]: [INFO] No supported permissions system found! Permissions are disabled!
[12-16 18:44:58]: [INFO] Hooked successfully into Essentials
[12-16 18:44:58]: [WARN] WARNING! The protectInventory feature requires ProtocolLib! Disabling it...
[12-16 18:44:58]: [INFO] AuthMe 5.6.0 build n.CUSTOM successfully enabled!
[12-16 18:44:59]: [INFO] Downloading GEO IP database, because the old database is older than 30 days or doesn't exist
[12-16 18:44:59]: [WARN] No MaxMind credentials found in the configuration file! GeoIp protections will be disabled.
[12-16 18:44:59]: [INFO] There is no newer GEO IP database uploaded to MaxMind. Using the old one for now.
[12-16 18:44:59]: [WARN] Could not download GeoLiteAPI database [FileNotFoundException]: plugins/AuthMe/GeoLite2-Country.mmdb (No such file or directory)
[12-16 18:44:59]: java.io.FileNotFoundException: plugins/AuthMe/GeoLite2-Country.mmdb (No such file or directory)
	at java.base/java.io.RandomAccessFile.open0(Native Method)
	at java.base/java.io.RandomAccessFile.open(RandomAccessFile.java:356)
	at java.base/java.io.RandomAccessFile.<init>(RandomAccessFile.java:273)
	at java.base/java.io.RandomAccessFile.<init>(RandomAccessFile.java:223)
	at AuthMe-5.6.0-legacy.jar//fr.xephi.authme.libs.com.maxmind.db.BufferHolder.<init>(BufferHolder.java:20)
	at AuthMe-5.6.0-legacy.jar//fr.xephi.authme.libs.com.maxmind.db.Reader.<init>(Reader.java:121)
	at AuthMe-5.6.0-legacy.jar//fr.xephi.authme.service.GeoIpService.startReading(GeoIpService.java:179)
	at AuthMe-5.6.0-legacy.jar//fr.xephi.authme.service.GeoIpService.updateDatabase(GeoIpService.java:150)
	at org.bukkit.craftbukkit.scheduler.CraftTask.run(CraftTask.java:78)
	at org.bukkit.craftbukkit.scheduler.CraftAsyncTask.run(CraftAsyncTask.java:57)
	at com.destroystokyo.paper.ServerSchedulerReportingWrapper.run(ServerSchedulerReportingWrapper.java:22)
	at java.base/java.util.concurrent.ThreadPoolExecutor.runWorker(ThreadPoolExecutor.java:1144)
	at java.base/java.util.concurrent.ThreadPoolExecutor$Worker.run(ThreadPoolExecutor.java:642)
	at java.base/java.lang.Thread.run(Thread.java:1583)

[12-16 18:55:04]: [INFO] AuthMe 5.6.0-bCUSTOM disabled!
[12-17 17:27:01]: [INFO] SQLite Setup finished
[12-17 17:27:01]: [INFO] No supported permissions system found! Permissions are disabled!
[12-17 17:27:01]: [INFO] Hooked successfully into Essentials
[12-17 17:27:02]: [WARN] WARNING! The protectInventory feature requires ProtocolLib! Disabling it...
[12-17 17:27:02]: [INFO] AuthMe 5.6.0 build n.CUSTOM successfully enabled!
[12-17 17:27:03]: [INFO] Downloading GEO IP database, because the old database is older than 30 days or doesn't exist
[12-17 17:27:03]: [WARN] No MaxMind credentials found in the configuration file! GeoIp protections will be disabled.
[12-17 17:27:03]: [INFO] There is no newer GEO IP database uploaded to MaxMind. Using the old one for now.
[12-17 17:27:03]: [WARN] Could not download GeoLiteAPI database [FileNotFoundException]: plugins/AuthMe/GeoLite2-Country.mmdb (No such file or directory)
[12-17 17:27:03]: java.io.FileNotFoundException: plugins/AuthMe/GeoLite2-Country.mmdb (No such file or directory)
	at java.base/java.io.RandomAccessFile.open0(Native Method)
	at java.base/java.io.RandomAccessFile.open(RandomAccessFile.java:356)
	at java.base/java.io.RandomAccessFile.<init>(RandomAccessFile.java:273)
	at java.base/java.io.RandomAccessFile.<init>(RandomAccessFile.java:223)
	at AuthMe-5.6.0-legacy.jar//fr.xephi.authme.libs.com.maxmind.db.BufferHolder.<init>(BufferHolder.java:20)
	at AuthMe-5.6.0-legacy.jar//fr.xephi.authme.libs.com.maxmind.db.Reader.<init>(Reader.java:121)
	at AuthMe-5.6.0-legacy.jar//fr.xephi.authme.service.GeoIpService.startReading(GeoIpService.java:179)
	at AuthMe-5.6.0-legacy.jar//fr.xephi.authme.service.GeoIpService.updateDatabase(GeoIpService.java:150)
	at org.bukkit.craftbukkit.scheduler.CraftTask.run(CraftTask.java:78)
	at org.bukkit.craftbukkit.scheduler.CraftAsyncTask.run(CraftAsyncTask.java:57)
	at com.destroystokyo.paper.ServerSchedulerReportingWrapper.run(ServerSchedulerReportingWrapper.java:22)
	at java.base/java.util.concurrent.ThreadPoolExecutor.runWorker(ThreadPoolExecutor.java:1144)
	at java.base/java.util.concurrent.ThreadPoolExecutor$Worker.run(ThreadPoolExecutor.java:642)
	at java.base/java.lang.Thread.run(Thread.java:1583)

[12-17 17:28:47]: [FINE] Drexco registered 127.4.64.75
[12-17 17:28:47]: [FINE] Drexco logged in 127.4.64.75
