[12:44:27] [ServerMain/INFO]: [bootstrap] Running Java 21 (OpenJDK 64-Bit Server VM 21.0.5+11-Ubuntu-1ubuntu120.04; Ubuntu null) on Linux 6.5.0-1025-azure (amd64)
[12:44:27] [ServerMain/INFO]: [bootstrap] Loading Paper 1.21.3-63-master@4190ee7 (2024-11-25T18:59:19Z) for Minecraft 1.21.3
[12:44:28] [ServerMain/INFO]: [PluginInitializerManager] Initializing plugins...
[12:44:30] [ServerMain/INFO]: [PluginInitializerManager] Initialized 14 plugins
[12:44:30] [ServerMain/INFO]: [PluginInitializerManager] Bukkit plugins (14):
 - BetterTeams (4.10.0), Chunky (1.4.28), Essentials (2.21.0-dev+151-f2af952), EssentialsChat (2.21.0-dev+151-f2af952), EssentialsSpawn (2.21.0-dev+151-f2af952), FrameDupe (1.0), OldCombatMechanics (1.0), PlugManX (2.4.1), TNTUtils (1.3), ViaBackwards (5.2.0), ViaRewind (4.0.4), ViaVersion (5.2.0), WorldEdit (7.3.9+6959-7adf70b), voicechat (2.5.26)
[12:44:35] [ServerMain/INFO]: Environment: Environment[sessionHost=https://sessionserver.mojang.com, servicesHost=https://api.minecraftservices.com, name=PROD]
[12:44:38] [ServerMain/INFO]: Loaded 1337 recipes
[12:44:38] [ServerMain/INFO]: Loaded 1448 advancements
[12:44:38] [Server thread/INFO]: Starting minecraft server version 1.21.3
[12:44:38] [Server thread/INFO]: Loading properties
[12:44:38] [Server thread/INFO]: This server is running Paper version 1.21.3-63-master@4190ee7 (2024-11-25T18:59:19Z) (Implementing API version 1.21.3-R0.1-SNAPSHOT)
[12:44:39] [Server thread/INFO]: [spark] This server bundles the spark profiler. For more information please visit https://docs.papermc.io/paper/profiling
[12:44:39] [Server thread/INFO]: Server Ping Player Sample Count: 12
[12:44:39] [Server thread/INFO]: Using 4 threads for Netty based IO
[12:44:40] [Server thread/INFO]: [MoonriseCommon] Paper is using 1 worker threads, 1 I/O threads
[12:44:40] [Server thread/INFO]: [ChunkTaskScheduler] Chunk system is using population gen parallelism: true
[12:44:40] [Server thread/INFO]: Default game type: SURVIVAL
[12:44:40] [Server thread/INFO]: Generating keypair
[12:44:40] [Server thread/INFO]: Starting Minecraft server on *:25565
[12:44:40] [Server thread/INFO]: Using epoll channel type
[12:44:41] [Server thread/INFO]: Paper: Using libdeflate (Linux x86_64) compression from Velocity.
[12:44:41] [Server thread/INFO]: Paper: Using OpenSSL 1.1.x (Linux x86_64) cipher from Velocity.
[12:44:41] [Server thread/INFO]: [ViaVersion] Loading server plugin ViaVersion v5.2.0
[12:44:41] [Server thread/INFO]: [ViaVersion] ViaVersion 5.2.0 is now loaded. Registering protocol transformers and injecting...
[12:44:42] [Via-Mappingloader-0/INFO]: [ViaVersion] Loading block connection mappings ...
[12:44:42] [Via-Mappingloader-0/INFO]: [ViaVersion] Using FastUtil Long2ObjectOpenHashMap for block connections
[12:44:42] [Server thread/INFO]: [ViaBackwards] Loading translations...
[12:44:42] [Server thread/INFO]: [ViaBackwards] Registering protocols...
[12:44:43] [Server thread/INFO]: [ViaRewind] Registering protocols...
[12:44:43] [Server thread/INFO]: [ViaBackwards] Loading server plugin ViaBackwards v5.2.0
[12:44:43] [Server thread/INFO]: [Essentials] Loading server plugin Essentials v2.21.0-dev+151-f2af952
[12:44:43] [Server thread/INFO]: [ViaRewind] Loading server plugin ViaRewind v4.0.4
[12:44:43] [Server thread/INFO]: [TNTUtils] Loading server plugin TNTUtils v1.3
[12:44:43] [Server thread/INFO]: [FrameDupe] Loading server plugin FrameDupe v1.0
[12:44:43] [Server thread/INFO]: [Chunky] Loading server plugin Chunky v1.4.28
[12:44:43] [Server thread/INFO]: [OldCombatMechanics] Loading server plugin OldCombatMechanics v1.0
[12:44:43] [Server thread/INFO]: [voicechat] Loading server plugin voicechat v2.5.26
[12:44:43] [Server thread/INFO]: [WorldEdit] Loading server plugin WorldEdit v7.3.9+6959-7adf70b
[12:44:44] [Server thread/INFO]: Got request to register class com.sk89q.worldedit.bukkit.BukkitServerInterface with WorldEdit [com.sk89q.worldedit.extension.platform.PlatformManager@6705aaa1]
[12:44:44] [Server thread/INFO]: [EssentialsSpawn] Loading server plugin EssentialsSpawn v2.21.0-dev+151-f2af952
[12:44:44] [Server thread/INFO]: [BetterTeams] Loading server plugin BetterTeams v4.10.0
[12:44:44] [Server thread/INFO]: [BetterTeams] Checking if the file config.yml is up to date
[12:44:44] [Server thread/INFO]: [BetterTeams] File is up to date
[12:44:44] [Server thread/INFO]: [EssentialsChat] Loading server plugin EssentialsChat v2.21.0-dev+151-f2af952
[12:44:44] [Server thread/INFO]: [PlugManX] Loading server plugin PlugManX v2.4.1
[12:44:44] [Server thread/INFO]: Server permissions file permissions.yml is empty, ignoring it
[12:44:44] [Server thread/INFO]: [ViaRewind] Enabling ViaRewind v4.0.4
[12:44:44] [Server thread/INFO]: [WorldEdit] Enabling WorldEdit v7.3.9+6959-7adf70b
[12:44:44] [Server thread/INFO]: Registering commands with com.sk89q.worldedit.bukkit.BukkitServerInterface
[12:44:44] [Server thread/INFO]: WEPIF: Using the Bukkit Permissions API.
[12:44:44] [Server thread/INFO]: Using com.sk89q.worldedit.bukkit.adapter.impl.v1_21_3.PaperweightAdapter as the Bukkit adapter
[12:44:46] [Server thread/INFO]: [PlugManX] Enabling PlugManX v2.4.1
[12:44:46] [Server thread/WARN]: [PlugManX] ~~~~~~~~~~~~~~~~~~~~~~~~~~~~~~~~~~~~~~~~~~~~~~~~~~~~~~~~~~~~~~~~~~~~~~
[12:44:46] [Server thread/WARN]: [PlugManX] It seems like you're running on paper.
[12:44:46] [Server thread/WARN]: [PlugManX] PlugManX cannot interact with paper-plugins, yet.
[12:44:46] [Server thread/WARN]: [PlugManX] Also, if you encounter any issues, please join my discord: https://discord.gg/GxEFhVY6ff
[12:44:46] [Server thread/WARN]: [PlugManX] Or create an issue on GitHub: https://github.com/TheBlackEntity/PlugMan
[12:44:46] [Server thread/WARN]: [PlugManX] ~~~~~~~~~~~~~~~~~~~~~~~~~~~~~~~~~~~~~~~~~~~~~~~~~~~~~~~~~~~~~~~~~~~~~~
[12:44:46] [Server thread/WARN]: **** SERVER IS RUNNING IN OFFLINE/INSECURE MODE!
[12:44:46] [Server thread/WARN]: The server will make no attempt to authenticate usernames. Beware.
[12:44:46] [Server thread/WARN]: While this makes the game possible to play without internet access, it also opens up the ability for hackers to connect with any username they choose.
[12:44:46] [Server thread/WARN]: To change this, set "online-mode" to "true" in the server.properties file.
[12:44:46] [Server thread/INFO]: Preparing level "world"
[12:44:47] [Server thread/INFO]: Preparing start region for dimension minecraft:overworld
[12:44:47] [Server thread/INFO]: Preparing spawn area: 0%
[12:44:48] [Server thread/INFO]: Preparing spawn area: 2%
[12:44:48] [Paper Common Worker #0/INFO]: [MCTypeRegistry] Initialising converters for DataConverter...
[12:44:48] [Paper Common Worker #0/INFO]: [MCTypeRegistry] Finished initialising converters for DataConverter in 274.9ms
[12:44:48] [Server thread/INFO]: Preparing spawn area: 22%
[12:44:48] [Server thread/INFO]: Time elapsed: 1355 ms
[12:44:48] [Server thread/INFO]: Preparing start region for dimension minecraft:the_nether
[12:44:48] [Server thread/INFO]: Preparing spawn area: 0%
[12:44:49] [Server thread/INFO]: Time elapsed: 250 ms
[12:44:49] [Server thread/INFO]: Preparing start region for dimension minecraft:the_end
[12:44:49] [Server thread/INFO]: Preparing spawn area: 0%
[12:44:49] [Server thread/INFO]: Time elapsed: 128 ms
[12:44:49] [Server thread/INFO]: [ViaVersion] Enabling ViaVersion v5.2.0
[12:44:49] [Server thread/INFO]: [ViaVersion] ViaVersion detected server version: 1.21.2-1.21.3 (768)
[12:44:49] [Server thread/INFO]: [ViaBackwards] Enabling ViaBackwards v5.2.0
[12:44:49] [Server thread/INFO]: [Essentials] Enabling Essentials v2.21.0-dev+151-f2af952
[12:44:49] [Server thread/ERROR]: [Essentials] You are running an unsupported server version!
[12:44:49] [Server thread/INFO]: [Essentials] Attempting to convert old kits in config.yml to new kits.yml
[12:44:49] [Server thread/INFO]: [Essentials] No kits found to migrate.
[12:44:50] [Server thread/INFO]: [Essentials] Loaded 43465 items from items.json.
[12:44:50] [Server thread/INFO]: [Essentials] Using locale en
[12:44:50] [Server thread/INFO]: [Essentials] ServerListPingEvent: Spigot iterator API
[12:44:50] [Server thread/INFO]: [Essentials] Starting Metrics. Opt-out using the global bStats config.
[12:44:50] [Server thread/INFO]: [Essentials] Using superperms-based permissions.
[12:44:50] [Server thread/INFO]: [TNTUtils] Enabling TNTUtils v1.3
[12:44:50] [Server thread/INFO]: [TNTUtils] Configuración cargada: radio de explosión = 10.0
[12:44:50] [Server thread/INFO]: [TNTUtils] TNTUtils activado correctamente.
[12:44:50] [Server thread/INFO]: [FrameDupe] Enabling FrameDupe v1.0
[12:44:50] [Server thread/INFO]: [FrameDupe] Probabilidad de duplicación configurada en: 0.3
[12:44:50] [Server thread/INFO]: [FrameDupe] FrameDupe Plugin activado!
[12:44:50] [Server thread/INFO]: [Chunky] Enabling Chunky v1.4.28
[12:44:50] [Server thread/INFO]: [OldCombatMechanics] Enabling OldCombatMechanics v1.0
[12:44:50] [Server thread/INFO]: [OldCombatMechanics] OldCombatMechanics activado: PvP de la 1.8 restaurado!
[12:44:50] [Server thread/INFO]: [voicechat] Enabling voicechat v2.5.26
[12:44:50] [Server thread/INFO]: [voicechat] Initializing compatibility for Bukkit version 1.21.3-R0.1
[12:44:50] [Server thread/INFO]: [voicechat] Compatibility version 18
[12:44:50] [Server thread/INFO]: [voicechat] Successfully initialized commodore command completion
[12:44:50] [Server thread/INFO]: [voicechat] Successfully added ViaVersion mappings
[12:44:50] [Server thread/INFO]: [EssentialsSpawn] Enabling EssentialsSpawn v2.21.0-dev+151-f2af952
[12:44:50] [Server thread/INFO]: [EssentialsSpawn] Starting Metrics. Opt-out using the global bStats config.
[12:44:50] [Server thread/INFO]: [BetterTeams] Enabling BetterTeams v4.10.0
[12:44:50] [Server thread/INFO]: [BetterTeams] Checking if the file es.yml is up to date
[12:44:50] [Server thread/INFO]: [BetterTeams] File is up to date
[12:44:50] [Server thread/INFO]: [BetterTeams] Checking if the file messages.yml is up to date
[12:44:50] [Server thread/INFO]: [BetterTeams] File is up to date
[12:44:51] [Server thread/INFO]: Display team name config value: prefix
[12:44:51] [Server thread/INFO]: Loading below name. Type: PREFIX
[12:44:51] [Server thread/INFO]: teamManagement declared: com.booksaw.betterTeams.events.MCTeamManagement@1b4362c3
[12:44:51] [Server thread/INFO]: [EssentialsChat] Enabling EssentialsChat v2.21.0-dev+151-f2af952
[12:44:51] [Server thread/INFO]: [EssentialsChat] Starting Metrics. Opt-out using the global bStats config.
[12:44:51] [Server thread/INFO]: [spark] Starting background profiler...
[12:44:52] [Server thread/INFO]: Done preparing level "world" (5.461s)
[12:44:52] [Server thread/INFO]: Running delayed init tasks
[12:44:52] [Craft Scheduler Thread - 2 - ViaVersion/INFO]: [ViaVersion] Finished mapping loading, shutting down loader executor.
[12:44:52] [Craft Scheduler Thread - 2 - Essentials/INFO]: [Essentials] Fetching version information...
[12:44:52] [Server thread/INFO]: Done (25.811s)! For help, type "help"
[12:44:52] [Server thread/INFO]: [voicechat] Loading plugins
[12:44:52] [Server thread/INFO]: [voicechat] Loaded 0 plugin(s)
[12:44:52] [Server thread/INFO]: [voicechat] Initializing plugins
[12:44:52] [Server thread/INFO]: [voicechat] Initialized 0 plugin(s)
[12:44:52] [Server thread/WARN]: [voicechat] Running in offline mode - Voice chat encryption is not secure!
[12:44:52] [VoiceChatServerThread/INFO]: [voicechat] Voice chat server started at port 24454
[12:49:37] [User Authenticator #0/INFO]: UUID of player Drexco is 889ded56-31d1-3eee-aad9-35e3293f38f4
[12:49:38] [Server thread/INFO]: Drexco joined the game
[12:49:38] [Server thread/INFO]: Drexco[/172.24.70.177:51389] logged in with entity id 224 at ([world]438.6885882405907, 105.12423132648843, 361.7364373435273)
[12:50:00] [Server thread/INFO]: [Chunky] Radius changed to 2000.
[12:50:02] [Server thread/INFO]: [Chunky] Task started in world for the square region centered at 0, 0 with radius 2000.
[12:50:02] [ForkJoinPool.commonPool-worker-18/INFO]: [Chunky] Task running for world. Processed: 65 chunks (0.10%), ETA: 0:03:01, Rate: 347.6 cps, Current: 11, 7
[12:50:03] [ForkJoinPool.commonPool-worker-4/INFO]: [Chunky] Task running for world. Processed: 1741 chunks (2.76%), ETA: 0:00:42, Rate: 1440.0 cps, Current: 63, 19
[12:50:04] [ForkJoinPool.commonPool-worker-37/INFO]: [Chunky] Task running for world. Processed: 2607 chunks (4.14%), ETA: 0:00:51, Rate: 1168.0 cps, Current: 51, -4
[12:50:05] [ForkJoinPool.commonPool-worker-2/INFO]: [Chunky] Task running for world. Processed: 3557 chunks (5.65%), ETA: 0:00:54, Rate: 1090.4 cps, Current: 20, -16
[12:50:06] [ForkJoinPool.commonPool-worker-47/INFO]: [Chunky] Task running for world. Processed: 4557 chunks (7.23%), ETA: 0:00:54, Rate: 1067.2 cps, Current: -17, -15
[12:50:07] [ForkJoinPool.commonPool-worker-37/INFO]: [Chunky] Task running for world. Processed: 5557 chunks (8.82%), ETA: 0:00:54, Rate: 1051.9 cps, Current: -24, 19
[12:50:07] [Server thread/WARN]: Can't keep up! Is the server overloaded? Running 2528ms or 50 ticks behind
[12:50:08] [ForkJoinPool.commonPool-worker-42/INFO]: [Chunky] Task running for world. Processed: 6792 chunks (10.78%), ETA: 0:00:52, Rate: 1076.0 cps, Current: -3, 57
[12:50:09] [ForkJoinPool.commonPool-worker-35/INFO]: [Chunky] Task running for world. Processed: 7892 chunks (12.53%), ETA: 0:00:51, Rate: 1077.0 cps, Current: 30, 46
[12:50:10] [ForkJoinPool.commonPool-worker-39/INFO]: [Chunky] Task running for world. Processed: 9310 chunks (14.78%), ETA: 0:00:48, Rate: 1114.2 cps, Current: 74, 40
[12:50:11] [ForkJoinPool.commonPool-worker-42/INFO]: [Chunky] Task running for world. Processed: 10410 chunks (16.52%), ETA: 0:00:47, Rate: 1110.2 cps, Current: 69, 9
[12:50:12] [ForkJoinPool.commonPool-worker-46/INFO]: [Chunky] Task running for world. Processed: 11410 chunks (18.11%), ETA: 0:00:46, Rate: 1098.4 cps, Current: 70, -18
[12:50:13] [ForkJoinPool.commonPool-worker-27/INFO]: [Chunky] Task running for world. Processed: 12510 chunks (19.86%), ETA: 0:00:46, Rate: 1094.9 cps, Current: 67, -45
[12:50:14] [ForkJoinPool.commonPool-worker-38/INFO]: [Chunky] Task running for world. Processed: 13460 chunks (21.36%), ETA: 0:00:45, Rate: 1082.4 cps, Current: 37, -49
[12:50:15] [ForkJoinPool.commonPool-worker-14/INFO]: [Chunky] Task running for world. Processed: 14460 chunks (22.95%), ETA: 0:00:45, Rate: 1073.4 cps, Current: 14, -49
[12:50:16] [ForkJoinPool.commonPool-worker-14/INFO]: [Chunky] Task running for world. Processed: 15410 chunks (24.46%), ETA: 0:00:44, Rate: 1062.0 cps, Current: -20, -59
[12:50:17] [ForkJoinPool.commonPool-worker-19/INFO]: [Chunky] Task running for world. Processed: 16360 chunks (25.97%), ETA: 0:00:44, Rate: 1052.2 cps, Current: -63, -58
[12:50:19] [ForkJoinPool.commonPool-worker-49/INFO]: [Chunky] Task running for world. Processed: 17410 chunks (27.63%), ETA: 0:00:45, Rate: 1011.0 cps, Current: -57, -30
[12:50:20] [ForkJoinPool.commonPool-worker-12/INFO]: [Chunky] Task running for world. Processed: 18610 chunks (29.54%), ETA: 0:00:43, Rate: 1021.1 cps, Current: -62, 10
[12:50:21] [ForkJoinPool.commonPool-worker-41/INFO]: [Chunky] Task running for world. Processed: 19460 chunks (30.89%), ETA: 0:00:43, Rate: 1009.0 cps, Current: -59, 35
[12:50:22] [ForkJoinPool.commonPool-worker-49/INFO]: [Chunky] Task running for world. Processed: 20210 chunks (32.08%), ETA: 0:00:42, Rate: 995.6 cps, Current: -37, 43
[12:50:23] [ForkJoinPool.commonPool-worker-14/INFO]: [Chunky] Task running for world. Processed: 21160 chunks (33.59%), ETA: 0:00:42, Rate: 993.2 cps, Current: -40, 86
[12:50:24] [ForkJoinPool.commonPool-worker-39/INFO]: [Chunky] Task running for world. Processed: 22360 chunks (35.49%), ETA: 0:00:40, Rate: 1001.7 cps, Current: -11, 69
[12:50:25] [ForkJoinPool.commonPool-worker-46/INFO]: [Chunky] Task running for world. Processed: 23760 chunks (37.71%), ETA: 0:00:38, Rate: 1018.1 cps, Current: 32, 79
[12:50:26] [ForkJoinPool.commonPool-worker-26/INFO]: [Chunky] Task running for world. Processed: 25010 chunks (39.70%), ETA: 0:00:36, Rate: 1027.5 cps, Current: 75, 82
[12:50:27] [ForkJoinPool.commonPool-worker-45/INFO]: [Chunky] Task running for world. Processed: 26060 chunks (41.36%), ETA: 0:00:35, Rate: 1026.2 cps, Current: 111, 92
[12:50:28] [ForkJoinPool.commonPool-worker-37/INFO]: [Chunky] Task running for world. Processed: 26710 chunks (42.40%), ETA: 0:00:35, Rate: 1010.7 cps, Current: 102, 37
[12:50:29] [ForkJoinPool.commonPool-worker-45/INFO]: [Chunky] Task running for world. Processed: 27610 chunks (43.82%), ETA: 0:00:35, Rate: 1005.4 cps, Current: 100, 9
[12:50:30] [ForkJoinPool.commonPool-worker-32/INFO]: [Chunky] Task running for world. Processed: 28560 chunks (45.33%), ETA: 0:00:34, Rate: 1002.9 cps, Current: 99, -1
[12:50:31] [ForkJoinPool.commonPool-worker-44/INFO]: [Chunky] Task running for world. Processed: 29710 chunks (47.16%), ETA: 0:00:33, Rate: 1007.5 cps, Current: 105, -36
[12:50:32] [ForkJoinPool.commonPool-worker-41/INFO]: [Chunky] Task running for world. Processed: 30560 chunks (48.51%), ETA: 0:00:32, Rate: 1000.8 cps, Current: 102, -82
[12:50:33] [ForkJoinPool.commonPool-worker-42/INFO]: [Chunky] Task running for world. Processed: 31760 chunks (50.41%), ETA: 0:00:31, Rate: 1007.3 cps, Current: 79, -73
[12:50:34] [ForkJoinPool.commonPool-worker-50/INFO]: [Chunky] Task running for world. Processed: 32710 chunks (51.92%), ETA: 0:00:30, Rate: 993.7 cps, Current: 36, -69
[12:50:35] [Server thread/WARN]: Can't keep up! Is the server overloaded? Running 12870ms or 257 ticks behind
[12:50:35] [ForkJoinPool.commonPool-worker-12/INFO]: [Chunky] Task running for world. Processed: 33810 chunks (53.67%), ETA: 0:00:29, Rate: 997.2 cps, Current: 14, -73
[12:50:36] [ForkJoinPool.commonPool-worker-40/INFO]: [Chunky] Task running for world. Processed: 34760 chunks (55.17%), ETA: 0:00:28, Rate: 997.7 cps, Current: -27, -70
[12:50:37] [ForkJoinPool.commonPool-worker-4/INFO]: [Chunky] Task running for world. Processed: 35560 chunks (56.44%), ETA: 0:00:27, Rate: 980.4 cps, Current: -50, -86
[12:50:38] [ForkJoinPool.commonPool-worker-4/INFO]: [Chunky] Task running for world. Processed: 36410 chunks (57.79%), ETA: 0:00:27, Rate: 975.1 cps, Current: -34, -90
[12:50:39] [ForkJoinPool.commonPool-worker-49/INFO]: [Chunky] Task running for world. Processed: 37160 chunks (58.98%), ETA: 0:00:27, Rate: 949.1 cps, Current: -71, -74
[12:50:41] [ForkJoinPool.commonPool-worker-47/INFO]: [Chunky] Task running for world. Processed: 37910 chunks (60.17%), ETA: 0:00:26, Rate: 937.0 cps, Current: -82, -44
[12:50:42] [ForkJoinPool.commonPool-worker-51/INFO]: [Chunky] Task running for world. Processed: 38910 chunks (61.76%), ETA: 0:00:25, Rate: 936.0 cps, Current: -82, -4
[12:50:43] [ForkJoinPool.commonPool-worker-34/INFO]: [Chunky] Task running for world. Processed: 40010 chunks (63.51%), ETA: 0:00:24, Rate: 936.8 cps, Current: -82, 19
[12:50:44] [ForkJoinPool.commonPool-worker-28/INFO]: [Chunky] Task running for world. Processed: 41010 chunks (65.09%), ETA: 0:00:23, Rate: 936.5 cps, Current: -85, 50
[12:50:45] [ForkJoinPool.commonPool-worker-42/INFO]: [Chunky] Task running for world. Processed: 41410 chunks (65.73%), ETA: 0:00:23, Rate: 914.8 cps, Current: -75, 41
[12:50:46] [ForkJoinPool.commonPool-worker-51/INFO]: [Chunky] Task running for world. Processed: 42360 chunks (67.24%), ETA: 0:00:22, Rate: 913.0 cps, Current: -71, 73
[12:50:47] [ForkJoinPool.commonPool-worker-15/INFO]: [Chunky] Task running for world. Processed: 43460 chunks (68.98%), ETA: 0:00:21, Rate: 920.4 cps, Current: -67, 110
[12:50:48] [ForkJoinPool.commonPool-worker-22/INFO]: [Chunky] Task running for world. Processed: 44360 chunks (70.41%), ETA: 0:00:20, Rate: 915.2 cps, Current: -37, 110
[12:50:49] [ForkJoinPool.commonPool-worker-19/INFO]: [Chunky] Task running for world. Processed: 45310 chunks (71.92%), ETA: 0:00:19, Rate: 931.0 cps, Current: -5, 100
[12:50:50] [ForkJoinPool.commonPool-worker-14/INFO]: [Chunky] Task running for world. Processed: 46160 chunks (73.27%), ETA: 0:00:18, Rate: 923.4 cps, Current: 23, 109
[12:50:51] [ForkJoinPool.commonPool-worker-18/INFO]: [Chunky] Task running for world. Processed: 47160 chunks (74.86%), ETA: 0:00:17, Rate: 929.4 cps, Current: 56, 119
[12:50:52] [ForkJoinPool.commonPool-worker-42/INFO]: [Chunky] Task running for world. Processed: 48410 chunks (76.84%), ETA: 0:00:15, Rate: 945.5 cps, Current: 98, 110
[12:50:53] [ForkJoinPool.commonPool-worker-30/INFO]: [Chunky] Task running for world. Processed: 49060 chunks (77.87%), ETA: 0:00:15, Rate: 928.9 cps, Current: 120, 100
[12:50:54] [ForkJoinPool.commonPool-worker-41/INFO]: [Chunky] Task running for world. Processed: 50010 chunks (79.38%), ETA: 0:00:14, Rate: 919.3 cps, Current: 122, -105
[12:50:55] [ForkJoinPool.commonPool-worker-29/INFO]: [Chunky] Task running for world. Processed: 51060 chunks (81.05%), ETA: 0:00:13, Rate: 907.5 cps, Current: 32, -100
[12:50:56] [ForkJoinPool.commonPool-worker-2/INFO]: [Chunky] Task running for world. Processed: 52260 chunks (82.95%), ETA: 0:00:11, Rate: 905.4 cps, Current: 10, -117
[12:50:57] [ForkJoinPool.commonPool-worker-23/INFO]: [Chunky] Task running for world. Processed: 53010 chunks (84.14%), ETA: 0:00:11, Rate: 901.5 cps, Current: -28, -122
[12:50:58] [ForkJoinPool.commonPool-worker-15/INFO]: [Chunky] Task running for world. Processed: 53860 chunks (85.49%), ETA: 0:00:10, Rate: 907.2 cps, Current: -63, -113
[12:50:59] [ForkJoinPool.commonPool-worker-18/INFO]: [Chunky] Task running for world. Processed: 54710 chunks (86.84%), ETA: 0:00:09, Rate: 906.2 cps, Current: -34, -103
[12:51:00] [ForkJoinPool.commonPool-worker-31/INFO]: [Chunky] Task running for world. Processed: 55710 chunks (88.43%), ETA: 0:00:08, Rate: 902.2 cps, Current: -124, -119
[12:51:01] [ForkJoinPool.commonPool-worker-13/INFO]: [Chunky] Task running for world. Processed: 56760 chunks (90.09%), ETA: 0:00:06, Rate: 903.9 cps, Current: -118, -77
[12:51:02] [ForkJoinPool.commonPool-worker-26/INFO]: [Chunky] Task running for world. Processed: 58260 chunks (92.47%), ETA: 0:00:05, Rate: 920.8 cps, Current: -100, -47
[12:51:02] [Server thread/WARN]: Can't keep up! Is the server overloaded? Running 12425ms or 248 ticks behind
[12:51:03] [ForkJoinPool.commonPool-worker-42/INFO]: [Chunky] Task running for world. Processed: 59560 chunks (94.54%), ETA: 0:00:03, Rate: 932.4 cps, Current: -117, 5
[12:51:04] [ForkJoinPool.commonPool-worker-30/INFO]: [Chunky] Task running for world. Processed: 60710 chunks (96.36%), ETA: 0:00:02, Rate: 937.9 cps, Current: -110, 34
[12:51:05] [ForkJoinPool.commonPool-worker-41/INFO]: [Chunky] Task running for world. Processed: 61810 chunks (98.11%), ETA: 0:00:01, Rate: 935.5 cps, Current: -105, 77
[12:51:06] [ForkJoinPool.commonPool-worker-52/INFO]: [Chunky] Task running for world. Processed: 62760 chunks (99.62%), ETA: 0:00:00, Rate: 930.7 cps, Current: -103, 109
[12:51:07] [ForkJoinPool.commonPool-worker-7/INFO]: [Chunky] Task finished for world. Processed: 63001 chunks (100.00%), Total time: 0:01:04
[12:52:09] [Server thread/INFO]: Drexco issued server command: /setspawn
[12:52:20] [Server thread/INFO]: [Chunky] Radius changed to 2500.
[12:52:23] [Server thread/INFO]: [Chunky] Task started in world for the square region centered at 0, 0 with radius 2500.
[12:52:26] [Server thread/INFO]: [Chunky] Task running for world. Processed: 26555 chunks (26.76%), ETA: 0:52:29, Rate: 23.1 cps, Current: 126, 81
[12:52:28] [Server thread/INFO]: Drexco lost connection: Disconnected
[12:52:28] [Server thread/INFO]: [voicechat] Disconnecting client Drexco
[12:52:28] [Server thread/INFO]: Drexco left the game
[12:52:28] [Server thread/INFO]: [Chunky] Task running for world. Processed: 27276 chunks (27.49%), ETA: 1:22:31, Rate: 14.5 cps, Current: 127, 79
[12:52:29] [Server thread/INFO]: [Chunky] Task running for world. Processed: 27358 chunks (27.57%), ETA: 1:05:52, Rate: 18.2 cps, Current: 127, 95
[12:52:30] [Server thread/INFO]: [Chunky] Task running for world. Processed: 27580 chunks (27.80%), ETA: 1:15:05, Rate: 15.9 cps, Current: 126, 55
[12:52:32] [Server thread/INFO]: [Chunky] Task running for world. Processed: 28302 chunks (28.52%), ETA: 1:08:01, Rate: 17.4 cps, Current: 127, 57
[12:52:33] [Server thread/INFO]: [Chunky] Task running for world. Processed: 28363 chunks (28.58%), ETA: 1:10:45, Rate: 16.7 cps, Current: 126, 34
[12:52:34] [Server thread/INFO]: [Chunky] Task running for world. Processed: 28599 chunks (28.82%), ETA: 1:10:41, Rate: 16.7 cps, Current: 127, 39
[12:52:35] [Server thread/INFO]: [Chunky] Task running for world. Processed: 28606 chunks (28.83%), ETA: 1:18:40, Rate: 15.0 cps, Current: 126, 21
[12:52:36] [Server thread/INFO]: [Chunky] Task running for world. Processed: 29328 chunks (29.56%), ETA: 1:14:15, Rate: 15.7 cps, Current: 126, 11
[12:52:38] [Server thread/INFO]: [Chunky] Task running for world. Processed: 29393 chunks (29.62%), ETA: 1:16:15, Rate: 15.3 cps, Current: 127, 7
[12:52:39] [Server thread/INFO]: [Chunky] Task running for world. Processed: 29413 chunks (29.64%), ETA: 1:17:42, Rate: 15.0 cps, Current: 126, -2
[12:52:40] [Server thread/WARN]: Can't keep up! Is the server overloaded? Running 4354ms or 87 ticks behind
[12:52:40] [Server thread/INFO]: [Chunky] Task running for world. Processed: 29629 chunks (29.86%), ETA: 1:23:56, Rate: 13.8 cps, Current: 126, -3
[12:52:42] [Server thread/INFO]: [Chunky] Task running for world. Processed: 29632 chunks (29.86%), ETA: 1:31:50, Rate: 12.6 cps, Current: 126, -27
[12:52:44] [Server thread/INFO]: [Chunky] Task running for world. Processed: 30354 chunks (30.59%), ETA: 1:29:42, Rate: 12.8 cps, Current: 127, -27
[12:52:45] [Server thread/INFO]: [Chunky] Task running for world. Processed: 30654 chunks (30.89%), ETA: 1:22:35, Rate: 13.8 cps, Current: 126, -41
[12:52:46] [Server thread/INFO]: [Chunky] Task running for world. Processed: 31355 chunks (31.60%), ETA: 1:22:08, Rate: 13.8 cps, Current: 127, -30
[12:52:46] [User Authenticator #1/INFO]: UUID of player Drexco is 889ded56-31d1-3eee-aad9-35e3293f38f4
[12:52:47] [Server thread/INFO]: Drexco joined the game
[12:52:47] [Server thread/INFO]: Drexco[/172.24.70.177:51556] logged in with entity id 2131 at ([world]1275.9635748001128, 87.0, 383.9069806015737)
[12:52:47] [Server thread/INFO]: [Chunky] Task running for world. Processed: 31432 chunks (31.68%), ETA: 1:20:25, Rate: 14.0 cps, Current: 126, -61
[12:52:48] [Server thread/INFO]: [Chunky] Task running for world. Processed: 31457 chunks (31.70%), ETA: 1:20:19, Rate: 14.1 cps, Current: 126, -67
[12:52:50] [Server thread/INFO]: [Chunky] Task running for world. Processed: 31693 chunks (31.94%), ETA: 1:19:14, Rate: 14.2 cps, Current: 126, -79
[12:52:51] [Server thread/INFO]: [Chunky] Task running for world. Processed: 43319 chunks (43.66%), ETA: 1:05:48, Rate: 14.2 cps, Current: 127, -70
[12:52:52] [Server thread/INFO]: [Chunky] Task running for world. Processed: 43382 chunks (43.72%), ETA: 1:05:48, Rate: 14.1 cps, Current: 127, -77
[12:52:52] [Server thread/INFO]: Drexco issued server command: /chunky
[12:52:53] [Server thread/INFO]: [Chunky] Task running for world. Processed: 43559 chunks (43.90%), ETA: 1:06:55, Rate: 13.9 cps, Current: 127, -83
[12:52:54] [Server thread/INFO]: [Chunky] Task running for world. Processed: 43640 chunks (43.98%), ETA: 1:05:43, Rate: 14.1 cps, Current: -83, 126
[12:52:55] [Server thread/INFO]: [Chunky] Task running for world. Processed: 44326 chunks (44.67%), ETA: 1:06:18, Rate: 13.8 cps, Current: -79, 126
[12:52:55] [Server thread/INFO]: Drexco issued server command: /chunky center
[12:52:56] [Server thread/INFO]: [Chunky] Task running for world. Processed: 44408 chunks (44.75%), ETA: 1:06:04, Rate: 13.8 cps, Current: -67, 126
[12:52:58] [Server thread/INFO]: [Chunky] Task running for world. Processed: 44643 chunks (44.99%), ETA: 1:03:31, Rate: 14.3 cps, Current: -58, 126
[12:52:59] [Server thread/INFO]: [Chunky] Task running for world. Processed: 45352 chunks (45.71%), ETA: 1:04:50, Rate: 13.8 cps, Current: -62, 127
[12:53:00] [Chunky-world Thread/INFO]: [Chunky] Task running for world. Processed: 45495 chunks (45.85%), ETA: 1:01:51, Rate: 14.5 cps, Current: -23, 114
[12:53:00] [Server thread/INFO]: Chunky Commands
chunky start - Start a new chunk generation task
chunky pause - Pause current tasks and save progress
chunky continue - Continue current or saved tasks
chunky cancel - Stop and delete current or saved tasks
chunky world <world> - Set the world target
chunky worldborder - Use the world border center & radius
chunky center <x> <z> - Set the center block location
chunky spawn - Set the center to the spawn point
chunky radius <radius> - Set the radius
chunky corners <x1> <z1> <x2> <z2> - Set by corners
chunky shape <shape> - Set the shape to generate
chunky pattern <pattern> - Set the generation pattern
chunky silent - Toggle displaying update messages
chunky quiet <interval> - Set the quiet interval
chunky trim - Delete chunks outside selection
chunky selection - Display the current selection
chunky progress - Displays current task progress
chunky reload - Reload configuration
[12:53:01] [Server thread/INFO]: [Chunky] Task running for world. Processed: 45668 chunks (46.02%), ETA: 1:02:30, Rate: 14.3 cps, Current: -40, 127
[12:53:02] [Server thread/INFO]: [Chunky] Task running for world. Processed: 46387 chunks (46.75%), ETA: 1:00:35, Rate: 14.5 cps, Current: -13, 126
[12:53:03] [Server thread/INFO]: [Chunky] Task running for world. Processed: 46454 chunks (46.82%), ETA: 1:00:57, Rate: 14.4 cps, Current: -5, 126
[12:53:05] [Server thread/INFO]: [Chunky] Task running for world. Processed: 46646 chunks (47.01%), ETA: 0:59:16, Rate: 14.8 cps, Current: -11, 127
[12:53:05] [Server thread/INFO]: chunky quiet <interval> - Set the quiet interval
[12:53:06] [Server thread/INFO]: [Chunky] Task running for world. Processed: 47397 chunks (47.77%), ETA: 0:58:26, Rate: 14.8 cps, Current: 1, 127
[12:53:07] [Server thread/INFO]: [Chunky] Task running for world. Processed: 47415 chunks (47.79%), ETA: 0:58:39, Rate: 14.7 cps, Current: 5, 127
[12:53:08] [Server thread/INFO]: [Chunky] Task running for world. Processed: 47656 chunks (48.03%), ETA: 0:57:18, Rate: 15.0 cps, Current: 18, 127
[12:53:09] [Server thread/INFO]: [Chunky] Task running for world. Processed: 47718 chunks (48.09%), ETA: 0:55:20, Rate: 15.5 cps, Current: 25, 127
[12:53:10] [Server thread/INFO]: [Chunky] Task running for world. Processed: 48436 chunks (48.81%), ETA: 0:51:44, Rate: 16.4 cps, Current: 36, 127
[12:53:11] [Server thread/INFO]: [Chunky] Cancelled tasks cannot be continued. If you are sure you want to cancel, type '/chunky confirm'.
[12:53:11] [Server thread/INFO]: [Chunky] Task running for world. Processed: 48502 chunks (48.88%), ETA: 0:51:35, Rate: 16.4 cps, Current: 44, 127
[12:53:13] [Server thread/INFO]: [Chunky] Task running for world. Processed: 48696 chunks (49.08%), ETA: 0:51:08, Rate: 16.5 cps, Current: 54, 127
[12:53:13] [Server thread/INFO]: [Chunky] Cancelling all tasks.
[12:53:13] [Chunky-world Thread/INFO]: [Chunky] Task stopped for world.
[12:53:15] [Server thread/INFO]: [Chunky] Radius changed to 1000.
[12:53:17] [Server thread/INFO]: [Chunky] Task started in world for the square region centered at 1275.96, 383.91 with radius 1000.
[12:53:19] [Server thread/INFO]: [Chunky] Task running for world. Processed: 9220 chunks (57.16%), ETA: 0:10:18, Rate: 11.2 cps, Current: 128, 45
[12:53:20] [Server thread/INFO]: [Chunky] Task running for world. Processed: 9250 chunks (57.35%), ETA: 0:05:05, Rate: 22.5 cps, Current: 129, 49
[12:53:21] [Server thread/INFO]: [Chunky] Task running for world. Processed: 9276 chunks (57.51%), ETA: 0:04:51, Rate: 23.5 cps, Current: 130, 47
[12:53:22] [Server thread/INFO]: [Chunky] Task running for world. Processed: 9299 chunks (57.65%), ETA: 0:05:16, Rate: 21.6 cps, Current: 130, 32
[12:53:23] [Server thread/INFO]: [Chunky] Task running for world. Processed: 9322 chunks (57.80%), ETA: 0:05:15, Rate: 21.6 cps, Current: 131, 42
[12:53:24] [Server thread/INFO]: [Chunky] Task running for world. Processed: 9352 chunks (57.98%), ETA: 0:05:02, Rate: 22.4 cps, Current: 132, 52
[12:53:25] [Server thread/INFO]: [Chunky] Task running for world. Processed: 9366 chunks (58.07%), ETA: 0:05:20, Rate: 21.1 cps, Current: 132, 53
[12:53:27] [Server thread/INFO]: [Chunky] Task running for world. Processed: 9399 chunks (58.27%), ETA: 0:05:16, Rate: 21.3 cps, Current: 133, 54
[12:53:29] [Server thread/INFO]: [Chunky] Task running for world. Processed: 9432 chunks (58.48%), ETA: 0:05:13, Rate: 21.4 cps, Current: 134, 55
[12:53:30] [Server thread/INFO]: [Chunky] Task running for world. Processed: 9465 chunks (58.68%), ETA: 0:05:13, Rate: 21.3 cps, Current: 135, 56
[12:53:32] [Server thread/INFO]: [Chunky] Task running for world. Processed: 9498 chunks (58.89%), ETA: 0:05:16, Rate: 21.0 cps, Current: 136, 57
[12:53:33] [Server thread/INFO]: [Chunky] Task running for world. Processed: 9531 chunks (59.09%), ETA: 0:05:06, Rate: 21.5 cps, Current: 137, 58
[12:53:35] [Server thread/INFO]: [Chunky] Task running for world. Processed: 9564 chunks (59.30%), ETA: 0:05:07, Rate: 21.3 cps, Current: 138, 59
[12:53:36] [Server thread/INFO]: [Chunky] Task running for world. Processed: 9595 chunks (59.49%), ETA: 0:04:58, Rate: 21.9 cps, Current: 139, 58
[12:53:37] [Server thread/INFO]: [Chunky] Task running for world. Processed: 9601 chunks (59.53%), ETA: 0:05:13, Rate: 20.8 cps, Current: 140, 46
[12:53:38] [Server thread/INFO]: [Chunky] Task running for world. Processed: 9631 chunks (59.71%), ETA: 0:05:07, Rate: 21.1 cps, Current: 140, 62
[12:53:39] [Server thread/INFO]: [Chunky] Task running for world. Processed: 9663 chunks (59.91%), ETA: 0:05:03, Rate: 21.3 cps, Current: 141, 62
[12:53:41] [Server thread/INFO]: [Chunky] Task running for world. Processed: 9665 chunks (59.92%), ETA: 0:05:19, Rate: 20.2 cps, Current: 142, 45
[12:53:42] [Server thread/INFO]: [Chunky] Task running for world. Processed: 9685 chunks (60.05%), ETA: 0:05:21, Rate: 20.1 cps, Current: 142, 52
[12:53:43] [Server thread/INFO]: [Chunky] Task running for world. Processed: 9711 chunks (60.21%), ETA: 0:05:20, Rate: 20.0 cps, Current: 128, 14
[12:53:45] [Server thread/INFO]: [Chunky] Task running for world. Processed: 9729 chunks (60.32%), ETA: 0:05:29, Rate: 19.4 cps, Current: 129, 2
[12:53:46] [Server thread/INFO]: [Chunky] Task running for world. Processed: 9766 chunks (60.55%), ETA: 0:05:17, Rate: 20.1 cps, Current: 130, 5
[12:53:47] [Server thread/INFO]: [Chunky] Task running for world. Processed: 9793 chunks (60.72%), ETA: 0:05:14, Rate: 20.1 cps, Current: 131, 1
[12:53:48] [Server thread/INFO]: [Chunky] Task running for world. Processed: 9825 chunks (60.92%), ETA: 0:05:09, Rate: 20.4 cps, Current: 132, 2
[12:53:50] [Server thread/INFO]: [Chunky] Task running for world. Processed: 9857 chunks (61.11%), ETA: 0:05:05, Rate: 20.6 cps, Current: 133, 2
[12:53:51] [Server thread/INFO]: [Chunky] Task running for world. Processed: 9889 chunks (61.31%), ETA: 0:05:03, Rate: 20.5 cps, Current: 134, 31
[12:53:52] [Server thread/INFO]: [Chunky] Task running for world. Processed: 9921 chunks (61.51%), ETA: 0:05:02, Rate: 20.5 cps, Current: 135, 2
[12:53:54] [Server thread/INFO]: [Chunky] Task running for world. Processed: 9953 chunks (61.71%), ETA: 0:04:58, Rate: 20.7 cps, Current: 136, 2
[12:53:55] [Server thread/INFO]: [Chunky] Task running for world. Processed: 9985 chunks (61.91%), ETA: 0:04:52, Rate: 21.0 cps, Current: 137, 31
[12:53:56] [Server thread/INFO]: [Chunky] Task running for world. Processed: 10017 chunks (62.11%), ETA: 0:04:48, Rate: 21.2 cps, Current: 138, 2
[12:53:57] [Server thread/INFO]: [Chunky] Task running for world. Processed: 10049 chunks (62.30%), ETA: 0:04:45, Rate: 21.3 cps, Current: 139, 31
[12:53:59] [Server thread/INFO]: [Chunky] Task running for world. Processed: 10081 chunks (62.50%), ETA: 0:04:43, Rate: 21.4 cps, Current: 140, 2
[12:54:00] [Server thread/INFO]: [Chunky] Task running for world. Processed: 10113 chunks (62.70%), ETA: 0:04:36, Rate: 21.7 cps, Current: 141, 2
[12:54:01] [Server thread/INFO]: [Chunky] Task running for world. Processed: 10145 chunks (62.90%), ETA: 0:04:33, Rate: 21.9 cps, Current: 142, 3
[12:54:03] [Server thread/INFO]: [Chunky] Task running for world. Processed: 10154 chunks (62.95%), ETA: 0:04:42, Rate: 21.2 cps, Current: 142, 9
[12:54:04] [Server thread/INFO]: [Chunky] Task running for world. Processed: 10177 chunks (63.10%), ETA: 0:04:46, Rate: 20.8 cps, Current: 128, -31
[12:54:05] [Server thread/INFO]: [Chunky] Task running for world. Processed: 10204 chunks (63.26%), ETA: 0:04:47, Rate: 20.6 cps, Current: 128, -5
[12:54:07] [Server thread/INFO]: [Chunky] Task running for world. Processed: 10219 chunks (63.36%), ETA: 0:04:50, Rate: 20.3 cps, Current: 129, -22
[12:54:08] [Server thread/INFO]: [Chunky] Task running for world. Processed: 10243 chunks (63.51%), ETA: 0:04:51, Rate: 20.2 cps, Current: 130, -32
[12:54:09] [Server thread/INFO]: [Chunky] Task running for world. Processed: 10281 chunks (63.74%), ETA: 0:04:41, Rate: 20.8 cps, Current: 131, -24
[12:54:10] [Server thread/INFO]: [Chunky] Task running for world. Processed: 10305 chunks (63.89%), ETA: 0:04:30, Rate: 21.5 cps, Current: 132, -32
[12:54:12] [Server thread/INFO]: [Chunky] Task running for world. Processed: 10337 chunks (64.09%), ETA: 0:04:24, Rate: 21.9 cps, Current: 133, -31
[12:54:13] [Server thread/INFO]: [Chunky] Task running for world. Processed: 10369 chunks (64.29%), ETA: 0:04:15, Rate: 22.5 cps, Current: 134, -31
[12:54:15] [Server thread/INFO]: [Chunky] Task running for world. Processed: 10401 chunks (64.49%), ETA: 0:04:14, Rate: 22.5 cps, Current: 135, -1
[12:54:16] [Server thread/INFO]: [Chunky] Task running for world. Processed: 10433 chunks (64.68%), ETA: 0:04:19, Rate: 22.0 cps, Current: 136, -32
[12:54:18] [Server thread/INFO]: [Chunky] Task running for world. Processed: 10465 chunks (64.88%), ETA: 0:04:20, Rate: 21.8 cps, Current: 137, -32
[12:54:19] [Server thread/INFO]: [Chunky] Task running for world. Processed: 10497 chunks (65.08%), ETA: 0:04:18, Rate: 21.8 cps, Current: 138, -31
[12:54:21] [Server thread/INFO]: [Chunky] Task running for world. Processed: 10529 chunks (65.28%), ETA: 0:04:17, Rate: 21.8 cps, Current: 139, -31
[12:54:22] [Server thread/INFO]: [Chunky] Task running for world. Processed: 10561 chunks (65.48%), ETA: 0:04:18, Rate: 21.6 cps, Current: 140, -32
[12:54:24] [Server thread/INFO]: [Chunky] Task running for world. Processed: 10593 chunks (65.68%), ETA: 0:04:18, Rate: 21.4 cps, Current: 141, -32
[12:54:25] [Server thread/INFO]: [Chunky] Task running for world. Processed: 10625 chunks (65.88%), ETA: 0:04:21, Rate: 21.0 cps, Current: 142, -32
[12:54:26] [Server thread/INFO]: [Chunky] Task running for world. Processed: 10640 chunks (65.97%), ETA: 0:04:23, Rate: 20.8 cps, Current: 142, -17
[12:54:28] [Server thread/INFO]: [Chunky] Task running for world. Processed: 10672 chunks (66.17%), ETA: 0:04:25, Rate: 20.5 cps, Current: 131, -33
[12:54:29] [Server thread/INFO]: [Chunky] Task running for world. Processed: 10690 chunks (66.28%), ETA: 0:04:26, Rate: 20.4 cps, Current: 132, -36
[12:54:30] [Server thread/INFO]: [Chunky] Task running for world. Processed: 10714 chunks (66.43%), ETA: 0:04:26, Rate: 20.3 cps, Current: 135, -38
[12:54:31] [Server thread/INFO]: [Chunky] Task running for world. Processed: 15744 chunks (97.61%), ETA: 0:00:19, Rate: 20.1 cps, Current: 140, -33
[12:54:32] [Server thread/INFO]: [Chunky] Task running for world. Processed: 15764 chunks (97.74%), ETA: 0:00:17, Rate: 20.4 cps, Current: 141, -34
[12:54:34] [Server thread/INFO]: [Chunky] Task running for world. Processed: 15772 chunks (97.79%), ETA: 0:00:17, Rate: 20.1 cps, Current: 128, 68
[12:54:35] [Server thread/INFO]: [Chunky] Task running for world. Processed: 15807 chunks (98.00%), ETA: 0:00:16, Rate: 20.1 cps, Current: 130, 64
[12:54:36] [Server thread/INFO]: [Chunky] Task running for world. Processed: 15825 chunks (98.12%), ETA: 0:00:14, Rate: 20.6 cps, Current: 129, 79
[12:54:37] [Server thread/INFO]: [Chunky] Task running for world. Processed: 15838 chunks (98.20%), ETA: 0:00:14, Rate: 20.2 cps, Current: 130, 70
[12:54:38] [Server thread/INFO]: [Chunky] Task running for world. Processed: 15865 chunks (98.36%), ETA: 0:00:13, Rate: 19.9 cps, Current: 131, 73
[12:54:39] [Server thread/INFO]: [Chunky] Task running for world. Processed: 15890 chunks (98.52%), ETA: 0:00:12, Rate: 19.9 cps, Current: 132, 74
[12:54:40] [Server thread/INFO]: [Chunky] Task running for world. Processed: 15907 chunks (98.62%), ETA: 0:00:11, Rate: 19.6 cps, Current: 133, 69
[12:54:42] [Server thread/INFO]: [Chunky] Task running for world. Processed: 15924 chunks (98.73%), ETA: 0:00:10, Rate: 19.5 cps, Current: 134, 68
[12:54:43] [Server thread/INFO]: [Chunky] Task running for world. Processed: 15941 chunks (98.83%), ETA: 0:00:09, Rate: 19.3 cps, Current: 134, 77
[12:54:44] [Server thread/INFO]: [Chunky] Task running for world. Processed: 15952 chunks (98.90%), ETA: 0:00:09, Rate: 18.8 cps, Current: 135, 70
[12:54:45] [Server thread/INFO]: [Chunky] Task running for world. Processed: 15966 chunks (98.99%), ETA: 0:00:08, Rate: 18.2 cps, Current: 135, 80
[12:54:46] [Server thread/INFO]: [Chunky] Task running for world. Processed: 15979 chunks (99.07%), ETA: 0:00:08, Rate: 17.8 cps, Current: 136, 72
[12:54:47] [Server thread/INFO]: [Chunky] Task running for world. Processed: 15991 chunks (99.14%), ETA: 0:00:07, Rate: 17.5 cps, Current: 136, 81
[12:54:49] [Server thread/INFO]: [Chunky] Task running for world. Processed: 16014 chunks (99.29%), ETA: 0:00:06, Rate: 17.2 cps, Current: 137, 80
[12:54:50] [Server thread/INFO]: [Chunky] Task running for world. Processed: 16032 chunks (99.40%), ETA: 0:00:05, Rate: 17.0 cps, Current: 138, 77
[12:54:51] [Server thread/INFO]: [Chunky] Task running for world. Processed: 16045 chunks (99.48%), ETA: 0:00:05, Rate: 16.6 cps, Current: 138, 86
[12:54:52] [Server thread/INFO]: [Chunky] Task running for world. Processed: 16060 chunks (99.57%), ETA: 0:00:04, Rate: 16.5 cps, Current: 141, 64
[12:54:53] [Server thread/INFO]: [Chunky] Task running for world. Processed: 16073 chunks (99.65%), ETA: 0:00:03, Rate: 16.1 cps, Current: 141, 66
[12:54:54] [Server thread/INFO]: [Chunky] Task running for world. Processed: 16078 chunks (99.68%), ETA: 0:00:03, Rate: 15.2 cps, Current: 141, 67
[12:54:56] [Server thread/INFO]: [Chunky] Task running for world. Processed: 16094 chunks (99.78%), ETA: 0:00:02, Rate: 15.1 cps, Current: 142, 66
[12:54:57] [Server thread/INFO]: [Chunky] Task running for world. Processed: 16114 chunks (99.91%), ETA: 0:00:01, Rate: 14.9 cps, Current: 142, 71
[12:54:58] [Server thread/INFO]: [Chunky] Task finished for world. Processed: 16129 chunks (100.00%), Total time: 0:01:40
[12:57:32] [Server thread/INFO]: [Chunky] Radius changed to 1200.
[12:57:35] [Server thread/INFO]: [Chunky] Task started in world for the square region centered at 1275.96, 383.91 with radius 1200.
[12:57:36] [Server thread/INFO]: [Chunky] Task running for world. Processed: 9698 chunks (42.53%), ETA: 1:05:30, Rate: 3.3 cps, Current: 143, 46
[12:57:38] [Server thread/INFO]: [Chunky] Task running for world. Processed: 9732 chunks (42.68%), ETA: 0:12:42, Rate: 17.1 cps, Current: 144, 47
[12:57:39] [Server thread/INFO]: [Chunky] Task running for world. Processed: 9766 chunks (42.83%), ETA: 0:11:08, Rate: 19.5 cps, Current: 145, 48
[12:57:40] [Server thread/INFO]: [Chunky] Task running for world. Processed: 9793 chunks (42.95%), ETA: 0:10:16, Rate: 21.1 cps, Current: 146, 45
[12:57:42] [Server thread/INFO]: [Chunky] Task running for world. Processed: 9817 chunks (43.06%), ETA: 0:10:39, Rate: 20.3 cps, Current: 146, 56
[12:57:43] [Server thread/INFO]: [Chunky] Task running for world. Processed: 9839 chunks (43.15%), ETA: 0:10:50, Rate: 19.9 cps, Current: 147, 38
[12:57:44] [Server thread/INFO]: [Chunky] Task running for world. Processed: 9850 chunks (43.20%), ETA: 0:11:31, Rate: 18.7 cps, Current: 147, 57
[12:57:45] [Server thread/INFO]: [Chunky] Task running for world. Processed: 9873 chunks (43.30%), ETA: 0:11:25, Rate: 18.9 cps, Current: 148, 37
[12:57:47] [Server thread/INFO]: [Chunky] Task running for world. Processed: 9883 chunks (43.34%), ETA: 0:12:46, Rate: 16.8 cps, Current: 148, 58
[12:57:48] [Server thread/INFO]: [Chunky] Task running for world. Processed: 9911 chunks (43.47%), ETA: 0:12:09, Rate: 17.7 cps, Current: 149, 32
[12:57:50] [Server thread/INFO]: [Chunky] Task running for world. Processed: 9916 chunks (43.49%), ETA: 0:13:41, Rate: 15.7 cps, Current: 149, 59
[12:57:51] [Server thread/INFO]: [Chunky] Task running for world. Processed: 9945 chunks (43.62%), ETA: 0:13:04, Rate: 16.4 cps, Current: 150, 56
[12:57:52] [Server thread/INFO]: [Chunky] Task running for world. Processed: 9949 chunks (43.63%), ETA: 0:13:46, Rate: 15.6 cps, Current: 150, 60
[12:57:53] [Server thread/INFO]: [Chunky] Task running for world. Processed: 9978 chunks (43.76%), ETA: 0:13:11, Rate: 16.2 cps, Current: 151, 57
[12:57:54] [Server thread/INFO]: [Chunky] Task running for world. Processed: 9984 chunks (43.79%), ETA: 0:13:43, Rate: 15.6 cps, Current: 151, 63
[12:57:56] [Server thread/INFO]: [Chunky] Task running for world. Processed: 10016 chunks (43.93%), ETA: 0:13:15, Rate: 16.1 cps, Current: 152, 63
[12:57:58] [Server thread/INFO]: [Chunky] Task running for world. Processed: 10529 chunks (46.18%), ETA: 0:12:49, Rate: 15.9 cps, Current: 154, 45
[12:57:59] [Server thread/INFO]: [Chunky] Task running for world. Processed: 10554 chunks (46.29%), ETA: 0:12:39, Rate: 16.1 cps, Current: 154, 57
[12:58:00] [Server thread/INFO]: [Chunky] Task running for world. Processed: 10571 chunks (46.36%), ETA: 0:12:45, Rate: 16.0 cps, Current: 143, 10
[12:58:02] [Server thread/INFO]: [Chunky] Task running for world. Processed: 10593 chunks (46.46%), ETA: 0:12:47, Rate: 15.9 cps, Current: 144, 10
[12:58:04] [Server thread/INFO]: [Chunky] Task running for world. Processed: 10625 chunks (46.60%), ETA: 0:12:35, Rate: 16.1 cps, Current: 145, 9
[12:58:05] [Server thread/INFO]: [Chunky] Task running for world. Processed: 10639 chunks (46.66%), ETA: 0:12:38, Rate: 16.0 cps, Current: 145, 14
[12:58:06] [Server thread/INFO]: [Chunky] Task running for world. Processed: 10657 chunks (46.74%), ETA: 0:12:40, Rate: 16.0 cps, Current: 146, 8
[12:58:07] [Server thread/INFO]: [Chunky] Task running for world. Processed: 10685 chunks (46.86%), ETA: 0:12:30, Rate: 16.2 cps, Current: 146, 24
[12:58:08] [Server thread/INFO]: [Chunky] Task running for world. Processed: 10689 chunks (46.88%), ETA: 0:13:11, Rate: 15.3 cps, Current: 147, 9
[12:58:10] [Server thread/INFO]: [Chunky] Task running for world. Processed: 10715 chunks (46.99%), ETA: 0:13:30, Rate: 14.9 cps, Current: 147, 23
[12:58:11] [Server thread/INFO]: [Chunky] Task running for world. Processed: 10731 chunks (47.06%), ETA: 0:13:34, Rate: 14.8 cps, Current: 148, 5
[12:58:12] [Server thread/INFO]: [Chunky] Task running for world. Processed: 10753 chunks (47.16%), ETA: 0:13:30, Rate: 14.9 cps, Current: 149, 9
[12:58:14] [Server thread/INFO]: [Chunky] Task running for world. Processed: 10785 chunks (47.30%), ETA: 0:13:03, Rate: 15.3 cps, Current: 150, 9
[12:58:15] [Server thread/INFO]: [Chunky] Task running for world. Processed: 10817 chunks (47.44%), ETA: 0:12:50, Rate: 15.5 cps, Current: 151, 10
[12:58:17] [Server thread/INFO]: [Chunky] Task running for world. Processed: 10849 chunks (47.58%), ETA: 0:12:10, Rate: 16.4 cps, Current: 152, 31
[12:58:18] [Server thread/INFO]: [Chunky] Task running for world. Processed: 10881 chunks (47.72%), ETA: 0:11:33, Rate: 17.2 cps, Current: 153, 31
[12:58:20] [Server thread/INFO]: [Chunky] Task running for world. Processed: 11393 chunks (49.97%), ETA: 0:10:56, Rate: 17.4 cps, Current: 154, 9
[12:58:22] [Server thread/INFO]: [Chunky] Task running for world. Processed: 11425 chunks (50.11%), ETA: 0:10:57, Rate: 17.3 cps, Current: 143, -26
[12:58:23] [Server thread/INFO]: [Chunky] Task running for world. Processed: 11457 chunks (50.25%), ETA: 0:10:38, Rate: 17.8 cps, Current: 144, -26
[12:58:24] [Server thread/INFO]: [Chunky] Task running for world. Processed: 11469 chunks (50.30%), ETA: 0:10:56, Rate: 17.3 cps, Current: 144, -1
[12:58:26] [Server thread/INFO]: [Chunky] Task running for world. Processed: 11500 chunks (50.44%), ETA: 0:10:45, Rate: 17.5 cps, Current: 145, -21
[12:58:27] [Server thread/INFO]: [Chunky] Task running for world. Processed: 11521 chunks (50.53%), ETA: 0:10:35, Rate: 17.7 cps, Current: 146, -25
[12:58:29] [Server thread/INFO]: [Chunky] Task running for world. Processed: 11536 chunks (50.59%), ETA: 0:11:02, Rate: 17.0 cps, Current: 146, -17
[12:58:30] [Server thread/INFO]: [Chunky] Task running for world. Processed: 11566 chunks (50.73%), ETA: 0:10:43, Rate: 17.5 cps, Current: 147, -19
[12:58:32] [Server thread/INFO]: [Chunky] Task running for world. Processed: 11585 chunks (50.81%), ETA: 0:10:51, Rate: 17.2 cps, Current: 148, -26
[12:58:34] [Server thread/INFO]: [Chunky] Task running for world. Processed: 11617 chunks (50.95%), ETA: 0:10:53, Rate: 17.1 cps, Current: 149, -26
[12:58:35] [Server thread/INFO]: [Chunky] Task running for world. Processed: 11649 chunks (51.09%), ETA: 0:10:36, Rate: 17.5 cps, Current: 150, -26
[12:58:36] [Server thread/INFO]: [Chunky] Task running for world. Processed: 11681 chunks (51.23%), ETA: 0:10:30, Rate: 17.6 cps, Current: 151, -26
[12:58:38] [Server thread/INFO]: [Chunky] Task running for world. Processed: 11713 chunks (51.37%), ETA: 0:10:05, Rate: 18.3 cps, Current: 152, -26
[12:58:39] [Server thread/INFO]: [Chunky] Task running for world. Processed: 11745 chunks (51.51%), ETA: 0:09:49, Rate: 18.7 cps, Current: 153, -26
[12:58:41] [Server thread/INFO]: [Chunky] Task running for world. Processed: 11785 chunks (51.69%), ETA: 0:09:48, Rate: 18.7 cps, Current: 154, -1
[12:58:43] [Server thread/INFO]: [Chunky] Task running for world. Processed: 11841 chunks (51.93%), ETA: 0:09:41, Rate: 18.9 cps, Current: 128, -51
[12:58:44] [Server thread/INFO]: [Chunky] Task running for world. Processed: 11868 chunks (52.05%), ETA: 0:09:49, Rate: 18.5 cps, Current: 129, -45
[12:58:45] [Server thread/INFO]: [Chunky] Task running for world. Processed: 11900 chunks (52.19%), ETA: 0:09:53, Rate: 18.4 cps, Current: 130, -51
[12:58:46] [Server thread/INFO]: [Chunky] Task running for world. Processed: 11930 chunks (52.32%), ETA: 0:09:52, Rate: 18.4 cps, Current: 132, -51
[12:58:47] [Server thread/INFO]: [Chunky] Task running for world. Processed: 11981 chunks (52.55%), ETA: 0:09:49, Rate: 18.4 cps, Current: 136, -41
[12:58:48] [Server thread/INFO]: [Chunky] Task running for world. Processed: 12039 chunks (52.80%), ETA: 0:09:39, Rate: 18.6 cps, Current: 139, -41
[12:58:49] [Server thread/INFO]: [Chunky] Task running for world. Processed: 12073 chunks (52.95%), ETA: 0:09:31, Rate: 18.8 cps, Current: 139, -51
[12:58:51] [Server thread/INFO]: [Chunky] Task running for world. Processed: 12096 chunks (53.05%), ETA: 0:09:19, Rate: 19.1 cps, Current: 143, -41
[12:58:52] [Server thread/INFO]: [Chunky] Task running for world. Processed: 12118 chunks (53.15%), ETA: 0:09:17, Rate: 19.2 cps, Current: 143, -43
[12:58:53] [Server thread/INFO]: [Chunky] Task running for world. Processed: 12141 chunks (53.25%), ETA: 0:09:20, Rate: 19.0 cps, Current: 145, -33
[12:58:54] [Server thread/INFO]: [Chunky] Task running for world. Processed: 12168 chunks (53.37%), ETA: 0:09:05, Rate: 19.5 cps, Current: 145, -51
[12:58:55] [Server thread/INFO]: [Chunky] Task running for world. Processed: 12195 chunks (53.48%), ETA: 0:09:00, Rate: 19.6 cps, Current: 147, -39
[12:58:56] [Server thread/INFO]: [Chunky] Task running for world. Processed: 12230 chunks (53.64%), ETA: 0:08:52, Rate: 19.8 cps, Current: 149, -34
[12:58:58] [Server thread/INFO]: [Chunky] Task running for world. Processed: 12253 chunks (53.74%), ETA: 0:08:30, Rate: 20.6 cps, Current: 151, -33
[12:58:59] [Server thread/INFO]: [Chunky] Task running for world. Processed: 12290 chunks (53.90%), ETA: 0:08:16, Rate: 21.2 cps, Current: 151, -52
[12:59:00] [Server thread/INFO]: [Chunky] Task running for world. Processed: 21494 chunks (94.27%), ETA: 0:01:02, Rate: 20.8 cps, Current: 153, -36
[12:59:01] [Server thread/INFO]: [Chunky] Task running for world. Processed: 21561 chunks (94.56%), ETA: 0:00:58, Rate: 21.2 cps, Current: 128, 95
[12:59:02] [Server thread/INFO]: [Chunky] Task running for world. Processed: 21685 chunks (95.11%), ETA: 0:00:50, Rate: 21.9 cps, Current: 129, 92
[12:59:04] [Server thread/INFO]: [Chunky] Task running for world. Processed: 21690 chunks (95.13%), ETA: 0:00:52, Rate: 21.2 cps, Current: 130, 91
[12:59:05] [Server thread/INFO]: [Chunky] Task running for world. Processed: 21781 chunks (95.53%), ETA: 0:00:48, Rate: 21.0 cps, Current: 132, 91
[12:59:06] [Server thread/INFO]: [Chunky] Task running for world. Processed: 21877 chunks (95.95%), ETA: 0:00:43, Rate: 21.1 cps, Current: 132, 95
[12:59:07] [Server thread/INFO]: [Chunky] Task running for world. Processed: 21925 chunks (96.16%), ETA: 0:00:41, Rate: 21.2 cps, Current: 138, 92
[12:59:09] [Server thread/INFO]: [Chunky] Task running for world. Processed: 21948 chunks (96.26%), ETA: 0:00:41, Rate: 20.4 cps, Current: 143, 64
[12:59:10] [Server thread/INFO]: [Chunky] Task running for world. Processed: 21986 chunks (96.43%), ETA: 0:00:39, Rate: 20.9 cps, Current: 142, 91
[12:59:12] [Server thread/INFO]: [Chunky] Task running for world. Processed: 22022 chunks (96.58%), ETA: 0:00:36, Rate: 21.1 cps, Current: 143, 92
[12:59:13] [Server thread/INFO]: [Chunky] Task running for world. Processed: 22057 chunks (96.74%), ETA: 0:00:34, Rate: 21.8 cps, Current: 144, 93
[12:59:14] [Server thread/INFO]: [Chunky] Task running for world. Processed: 22063 chunks (96.76%), ETA: 0:00:34, Rate: 21.2 cps, Current: 146, 69
[12:59:15] [Server thread/INFO]: [Chunky] Task running for world. Processed: 22094 chunks (96.90%), ETA: 0:00:32, Rate: 21.6 cps, Current: 146, 93
[12:59:16] [Server thread/INFO]: [Chunky] Task running for world. Processed: 22128 chunks (97.05%), ETA: 0:00:31, Rate: 21.6 cps, Current: 147, 94
[12:59:18] [Server thread/INFO]: [Chunky] Task running for world. Processed: 22162 chunks (97.20%), ETA: 0:00:29, Rate: 21.5 cps, Current: 148, 95
[12:59:19] [Server thread/INFO]: [Chunky] Task running for world. Processed: 22165 chunks (97.21%), ETA: 0:00:30, Rate: 20.6 cps, Current: 149, 72
[12:59:20] [Server thread/INFO]: [Chunky] Task running for world. Processed: 22197 chunks (97.35%), ETA: 0:00:28, Rate: 20.9 cps, Current: 150, 72
[12:59:22] [Server thread/INFO]: [Chunky] Task running for world. Processed: 22229 chunks (97.49%), ETA: 0:00:27, Rate: 20.9 cps, Current: 151, 72
[12:59:23] [Server thread/INFO]: [Chunky] Task running for world. Processed: 22261 chunks (97.63%), ETA: 0:00:25, Rate: 21.5 cps, Current: 152, 72
[12:59:24] [Server thread/INFO]: [Chunky] Task running for world. Processed: 22264 chunks (97.64%), ETA: 0:00:25, Rate: 20.7 cps, Current: 152, 75
[12:59:25] [Server thread/INFO]: [Chunky] Task running for world. Processed: 22297 chunks (97.79%), ETA: 0:00:24, Rate: 20.3 cps, Current: 153, 76
[12:59:26] [Server thread/INFO]: [Chunky] Task running for world. Processed: 22694 chunks (99.53%), ETA: 0:00:05, Rate: 20.5 cps, Current: 154, 75
[12:59:27] [Server thread/INFO]: [Chunky] Task running for world. Processed: 22710 chunks (99.60%), ETA: 0:00:04, Rate: 20.3 cps, Current: 154, 91
[12:59:29] [Server thread/INFO]: [Chunky] Task running for world. Processed: 22728 chunks (99.68%), ETA: 0:00:03, Rate: 20.1 cps, Current: 137, 96
[12:59:30] [Server thread/INFO]: [Chunky] Task running for world. Processed: 22753 chunks (99.79%), ETA: 0:00:02, Rate: 20.0 cps, Current: 141, 97
[12:59:31] [Server thread/INFO]: [Chunky] Task running for world. Processed: 22783 chunks (99.92%), ETA: 0:00:00, Rate: 20.4 cps, Current: 149, 97
[12:59:31] [Server thread/INFO]: [Chunky] Task finished for world. Processed: 22801 chunks (100.00%), Total time: 0:01:56
[13:00:33] [Server thread/INFO]: Drexco lost connection: Disconnected
[13:00:33] [Server thread/INFO]: [voicechat] Disconnecting client Drexco
[13:00:33] [Server thread/INFO]: Drexco left the game
[13:00:43] [Server thread/INFO]: [Chunky] Radius changed to 1500.
[13:00:45] [Server thread/INFO]: [Chunky] Task started in world for the square region centered at 1275.96, 383.91 with radius 1500.
[13:00:47] [Server thread/INFO]: [Chunky] Task running for world. Processed: 9885 chunks (27.67%), ETA: 0:16:52, Rate: 25.5 cps, Current: 156, 56
[13:00:48] [Server thread/INFO]: [Chunky] Task running for world. Processed: 9935 chunks (27.81%), ETA: 0:16:38, Rate: 25.8 cps, Current: 158, 53
[13:00:50] [Server thread/INFO]: [Chunky] Task running for world. Processed: 9965 chunks (27.90%), ETA: 0:18:39, Rate: 23.0 cps, Current: 156, 49
[13:00:51] [Server thread/INFO]: [Chunky] Task running for world. Processed: 10168 chunks (28.47%), ETA: 0:17:54, Rate: 23.8 cps, Current: 159, 50
[13:00:52] [Server thread/INFO]: [Chunky] Task running for world. Processed: 10840 chunks (30.35%), ETA: 0:17:15, Rate: 24.0 cps, Current: 158, 43
[13:00:53] [Server thread/INFO]: [Chunky] Task running for world. Processed: 10875 chunks (30.44%), ETA: 0:18:42, Rate: 22.1 cps, Current: 159, 44
[13:00:54] [Server thread/INFO]: [Chunky] Task running for world. Processed: 10909 chunks (30.54%), ETA: 0:17:32, Rate: 23.6 cps, Current: 159, 39
[13:00:55] [Server thread/INFO]: [Chunky] Task running for world. Processed: 10960 chunks (30.68%), ETA: 0:17:37, Rate: 23.4 cps, Current: 158, 28
[13:00:56] [Server thread/INFO]: [Chunky] Task running for world. Processed: 10981 chunks (30.74%), ETA: 0:17:48, Rate: 23.1 cps, Current: 157, 21
[13:00:57] [Server thread/INFO]: [Chunky] Task running for world. Processed: 11016 chunks (30.84%), ETA: 0:18:25, Rate: 22.3 cps, Current: 156, 15
[13:00:59] [Server thread/INFO]: [Chunky] Task running for world. Processed: 11204 chunks (31.37%), ETA: 0:18:13, Rate: 22.4 cps, Current: 155, 7
[13:01:00] [Server thread/INFO]: [Chunky] Task running for world. Processed: 11896 chunks (33.30%), ETA: 0:17:47, Rate: 22.3 cps, Current: 157, 6
[13:01:01] [Server thread/INFO]: [Chunky] Task running for world. Processed: 11923 chunks (33.38%), ETA: 0:17:33, Rate: 22.6 cps, Current: 158, 4
[13:01:02] [Server thread/INFO]: [Chunky] Task running for world. Processed: 11967 chunks (33.50%), ETA: 0:17:53, Rate: 22.1 cps, Current: 159, 4
[13:01:03] [Server thread/INFO]: [Chunky] Task running for world. Processed: 11992 chunks (33.57%), ETA: 0:17:44, Rate: 22.3 cps, Current: 155, -12
[13:01:04] [Server thread/INFO]: [Chunky] Task running for world. Processed: 12012 chunks (33.63%), ETA: 0:17:53, Rate: 22.1 cps, Current: 157, -12
[13:01:05] [Server thread/INFO]: [Chunky] Task running for world. Processed: 12207 chunks (34.17%), ETA: 0:17:54, Rate: 21.9 cps, Current: 159, -12
[13:01:06] [Server thread/INFO]: [Chunky] Task running for world. Processed: 12237 chunks (34.26%), ETA: 0:17:39, Rate: 22.2 cps, Current: 156, -23
[13:01:07] [Server thread/INFO]: [Chunky] Task running for world. Processed: 12255 chunks (34.31%), ETA: 0:17:50, Rate: 21.9 cps, Current: 157, -25
[13:01:09] [Server thread/INFO]: [Chunky] Task running for world. Processed: 12272 chunks (34.36%), ETA: 0:18:18, Rate: 21.4 cps, Current: 158, -26
[13:01:10] [Server thread/INFO]: [Chunky] Task running for world. Processed: 12295 chunks (34.42%), ETA: 0:18:26, Rate: 21.2 cps, Current: 129, -58
[13:01:11] [Server thread/INFO]: [Chunky] Task running for world. Processed: 12313 chunks (34.47%), ETA: 0:18:34, Rate: 21.0 cps, Current: 132, -59
[13:01:12] [Server thread/INFO]: [Chunky] Task running for world. Processed: 12328 chunks (34.51%), ETA: 0:18:51, Rate: 20.7 cps, Current: 133, -58
[13:01:13] [Server thread/INFO]: [Chunky] Task running for world. Processed: 12340 chunks (34.55%), ETA: 0:19:13, Rate: 20.3 cps, Current: 132, -64
[13:01:15] [Server thread/INFO]: [Chunky] Task running for world. Processed: 12354 chunks (34.58%), ETA: 0:19:34, Rate: 19.9 cps, Current: 133, -64
[13:01:16] [Server thread/INFO]: [Chunky] Task running for world. Processed: 12379 chunks (34.65%), ETA: 0:19:25, Rate: 20.0 cps, Current: 142, -62
[13:01:17] [Server thread/INFO]: [Chunky] Task running for world. Processed: 12451 chunks (34.86%), ETA: 0:19:17, Rate: 20.1 cps, Current: 140, -64
[13:01:18] [Server thread/INFO]: [Chunky] Task running for world. Processed: 12953 chunks (36.26%), ETA: 0:17:47, Rate: 21.3 cps, Current: 155, -33
[13:01:19] [Server thread/INFO]: [Chunky] Task running for world. Processed: 12973 chunks (36.32%), ETA: 0:18:13, Rate: 20.8 cps, Current: 156, -33
[13:01:21] [Server thread/INFO]: [Chunky] Task running for world. Processed: 13017 chunks (36.44%), ETA: 0:17:57, Rate: 21.1 cps, Current: 158, -35
[13:01:22] [Server thread/INFO]: [Chunky] Task running for world. Processed: 13040 chunks (36.51%), ETA: 0:18:00, Rate: 21.0 cps, Current: 158, -44
[13:01:23] [Server thread/INFO]: [Chunky] Task running for world. Processed: 13108 chunks (36.70%), ETA: 0:17:51, Rate: 21.1 cps, Current: 155, -51
[13:01:24] [Server thread/INFO]: [Chunky] Task running for world. Processed: 13121 chunks (36.73%), ETA: 0:18:17, Rate: 20.6 cps, Current: 152, -53
[13:01:25] [Server thread/INFO]: [Chunky] Task running for world. Processed: 13158 chunks (36.84%), ETA: 0:17:51, Rate: 21.1 cps, Current: 144, -56
[13:01:26] [Server thread/INFO]: [Chunky] Task running for world. Processed: 13180 chunks (36.90%), ETA: 0:17:49, Rate: 21.1 cps, Current: 146, -56
[13:01:27] [Server thread/INFO]: [Chunky] Task running for world. Processed: 13204 chunks (36.96%), ETA: 0:18:12, Rate: 20.6 cps, Current: 150, -58
[13:01:28] [Server thread/INFO]: [Chunky] Task running for world. Processed: 13222 chunks (37.01%), ETA: 0:18:18, Rate: 20.5 cps, Current: 145, -63
[13:01:30] [Server thread/INFO]: [Chunky] Task running for world. Processed: 13234 chunks (37.05%), ETA: 0:18:33, Rate: 20.2 cps, Current: 146, -63
[13:01:31] [Server thread/INFO]: [Chunky] Task running for world. Processed: 13256 chunks (37.11%), ETA: 0:19:03, Rate: 19.6 cps, Current: 154, -58
[13:01:33] [Server thread/INFO]: [Chunky] Task running for world. Processed: 25205 chunks (70.56%), ETA: 0:09:00, Rate: 19.4 cps, Current: 150, -64
[13:01:34] [Server thread/INFO]: [Chunky] Task running for world. Processed: 25223 chunks (70.61%), ETA: 0:09:04, Rate: 19.3 cps, Current: 157, -61
[13:01:35] [Server thread/INFO]: [Chunky] Task running for world. Processed: 25242 chunks (70.66%), ETA: 0:09:09, Rate: 19.1 cps, Current: 158, -62
[13:01:36] [Server thread/INFO]: [Chunky] Task running for world. Processed: 25280 chunks (70.77%), ETA: 0:09:16, Rate: 18.7 cps, Current: 157, -64
[13:01:37] [Server thread/INFO]: [Chunky] Task running for world. Processed: 25301 chunks (70.83%), ETA: 0:09:16, Rate: 18.7 cps, Current: 158, 89
[13:01:38] [Server thread/INFO]: [Chunky] Task running for world. Processed: 25312 chunks (70.86%), ETA: 0:09:20, Rate: 18.6 cps, Current: 156, 84
[13:01:40] [Server thread/INFO]: [Chunky] Task running for world. Processed: 25349 chunks (70.96%), ETA: 0:09:19, Rate: 18.5 cps, Current: 156, 79
[13:01:41] [Server thread/INFO]: [Chunky] Task running for world. Processed: 25539 chunks (71.50%), ETA: 0:08:59, Rate: 18.9 cps, Current: 158, 77
[13:01:42] [Server thread/INFO]: [Chunky] Task running for world. Processed: 25579 chunks (71.61%), ETA: 0:08:38, Rate: 19.6 cps, Current: 159, 76
[13:01:43] [Server thread/INFO]: [Chunky] Task running for world. Processed: 25600 chunks (71.67%), ETA: 0:08:30, Rate: 19.8 cps, Current: 159, 71
[13:01:44] [Server thread/INFO]: [Chunky] Task running for world. Processed: 25632 chunks (71.76%), ETA: 0:08:14, Rate: 20.4 cps, Current: 160, 95
[13:01:46] [Server thread/INFO]: [Chunky] Task running for world. Processed: 25663 chunks (71.84%), ETA: 0:08:09, Rate: 20.6 cps, Current: 161, 94
[13:01:47] [Server thread/INFO]: [Chunky] Task running for world. Processed: 25695 chunks (71.93%), ETA: 0:08:00, Rate: 20.9 cps, Current: 162, 94
[13:01:48] [Server thread/INFO]: [Chunky] Task running for world. Processed: 25702 chunks (71.95%), ETA: 0:08:50, Rate: 18.9 cps, Current: 163, 69
[13:01:49] [Server thread/INFO]: [Chunky] Task running for world. Processed: 25729 chunks (72.03%), ETA: 0:08:33, Rate: 19.5 cps, Current: 164, 64
[13:01:50] [Server thread/INFO]: [Chunky] Task running for world. Processed: 25761 chunks (72.12%), ETA: 0:08:36, Rate: 19.3 cps, Current: 165, 64
[13:01:51] [Server thread/INFO]: [Chunky] Task running for world. Processed: 25793 chunks (72.21%), ETA: 0:08:26, Rate: 19.6 cps, Current: 166, 64
[13:01:53] [Server thread/INFO]: [Chunky] Task running for world. Processed: 25825 chunks (72.30%), ETA: 0:08:17, Rate: 19.9 cps, Current: 167, 64
[13:01:54] [Server thread/INFO]: [Chunky] Task running for world. Processed: 25857 chunks (72.39%), ETA: 0:08:27, Rate: 19.4 cps, Current: 168, 64
[13:01:56] [Server thread/INFO]: [Chunky] Task running for world. Processed: 25889 chunks (72.48%), ETA: 0:08:24, Rate: 19.5 cps, Current: 169, 64
[13:01:57] [Server thread/INFO]: [Chunky] Task running for world. Processed: 25921 chunks (72.57%), ETA: 0:08:18, Rate: 19.7 cps, Current: 170, 64
[13:01:59] [Server thread/INFO]: [Chunky] Task running for world. Processed: 25953 chunks (72.65%), ETA: 0:08:02, Rate: 20.2 cps, Current: 171, 64
[13:02:01] [Server thread/INFO]: [Chunky] Task running for world. Processed: 25985 chunks (72.74%), ETA: 0:07:50, Rate: 20.7 cps, Current: 172, 64
[13:02:03] [Server thread/INFO]: [Chunky] Task running for world. Processed: 26017 chunks (72.83%), ETA: 0:07:54, Rate: 20.5 cps, Current: 173, 64
[13:02:04] [Server thread/INFO]: [Chunky] Task running for world. Processed: 26040 chunks (72.90%), ETA: 0:07:55, Rate: 20.3 cps, Current: 173, 87
[13:02:05] [Server thread/INFO]: [Chunky] Task running for world. Processed: 26063 chunks (72.96%), ETA: 0:07:45, Rate: 20.7 cps, Current: 160, 46
[13:02:07] [Server thread/INFO]: [Chunky] Task running for world. Processed: 26081 chunks (73.01%), ETA: 0:07:47, Rate: 20.6 cps, Current: 161, 36
[13:02:08] [Server thread/INFO]: [Chunky] Task running for world. Processed: 26113 chunks (73.10%), ETA: 0:07:32, Rate: 21.3 cps, Current: 162, 35
[13:02:09] [Server thread/INFO]: [Chunky] Task running for world. Processed: 26145 chunks (73.19%), ETA: 0:07:22, Rate: 21.6 cps, Current: 163, 36
[13:02:10] [Server thread/INFO]: [Chunky] Task running for world. Processed: 26177 chunks (73.28%), ETA: 0:07:21, Rate: 21.6 cps, Current: 164, 35
[13:02:12] [Server thread/INFO]: [Chunky] Task running for world. Processed: 26209 chunks (73.37%), ETA: 0:07:26, Rate: 21.3 cps, Current: 165, 36
[13:02:13] [Server thread/INFO]: [Chunky] Task running for world. Processed: 26241 chunks (73.46%), ETA: 0:07:27, Rate: 21.2 cps, Current: 166, 36
[13:02:15] [Server thread/INFO]: [Chunky] Task running for world. Processed: 26273 chunks (73.55%), ETA: 0:07:30, Rate: 21.0 cps, Current: 167, 36
[13:02:16] [Server thread/INFO]: [Chunky] Task running for world. Processed: 26305 chunks (73.64%), ETA: 0:07:33, Rate: 20.7 cps, Current: 168, 36
[13:02:18] [Server thread/INFO]: [Chunky] Task running for world. Processed: 26337 chunks (73.73%), ETA: 0:07:25, Rate: 21.1 cps, Current: 169, 63
[13:02:20] [Server thread/INFO]: [Chunky] Task running for world. Processed: 26369 chunks (73.82%), ETA: 0:07:32, Rate: 20.7 cps, Current: 170, 63
[13:02:22] [Server thread/INFO]: [Chunky] Task running for world. Processed: 26401 chunks (73.91%), ETA: 0:07:49, Rate: 19.9 cps, Current: 171, 36
[13:02:24] [Server thread/INFO]: [Chunky] Task running for world. Processed: 26433 chunks (74.00%), ETA: 0:07:53, Rate: 19.6 cps, Current: 172, 37
[13:02:25] [Server thread/INFO]: [Chunky] Task running for world. Processed: 26465 chunks (74.09%), ETA: 0:07:54, Rate: 19.5 cps, Current: 173, 36
[13:02:27] [Server thread/INFO]: [Chunky] Task running for world. Processed: 26486 chunks (74.15%), ETA: 0:07:55, Rate: 19.4 cps, Current: 173, 53
[13:02:28] [Server thread/INFO]: [Chunky] Task running for world. Processed: 26497 chunks (74.18%), ETA: 0:08:18, Rate: 18.5 cps, Current: 160, 4
[13:02:29] [Server thread/INFO]: [Chunky] Task running for world. Processed: 26529 chunks (74.27%), ETA: 0:08:07, Rate: 18.8 cps, Current: 161, 3
[13:02:31] [Server thread/INFO]: [Chunky] Task running for world. Processed: 26561 chunks (74.36%), ETA: 0:07:49, Rate: 19.5 cps, Current: 162, 3
[13:02:32] [Server thread/INFO]: [Chunky] Task running for world. Processed: 26593 chunks (74.45%), ETA: 0:07:42, Rate: 19.8 cps, Current: 163, 3
[13:02:33] [Server thread/INFO]: [Chunky] Task running for world. Processed: 26625 chunks (74.54%), ETA: 0:07:30, Rate: 20.2 cps, Current: 164, 3
[13:02:35] [Server thread/INFO]: [Chunky] Task running for world. Processed: 26657 chunks (74.63%), ETA: 0:07:27, Rate: 20.3 cps, Current: 165, 3
[13:02:36] [Server thread/INFO]: [Chunky] Task running for world. Processed: 26689 chunks (74.72%), ETA: 0:07:18, Rate: 20.6 cps, Current: 166, 3
[13:02:37] [Server thread/INFO]: [Chunky] Task running for world. Processed: 26721 chunks (74.80%), ETA: 0:07:16, Rate: 20.6 cps, Current: 167, 3
[13:02:39] [Server thread/INFO]: [Chunky] Task running for world. Processed: 26753 chunks (74.89%), ETA: 0:07:16, Rate: 20.6 cps, Current: 168, 3
[13:02:40] [Server thread/INFO]: [Chunky] Task running for world. Processed: 26785 chunks (74.98%), ETA: 0:07:11, Rate: 20.7 cps, Current: 169, 3
[13:02:41] [Server thread/INFO]: [Chunky] Task running for world. Processed: 26817 chunks (75.07%), ETA: 0:07:10, Rate: 20.7 cps, Current: 170, 3
[13:02:43] [Server thread/INFO]: [Chunky] Task running for world. Processed: 26849 chunks (75.16%), ETA: 0:07:06, Rate: 20.8 cps, Current: 171, 31
[13:02:44] [Server thread/INFO]: [Chunky] Task running for world. Processed: 26881 chunks (75.25%), ETA: 0:07:03, Rate: 20.9 cps, Current: 172, 31
[13:02:46] [Server thread/INFO]: [Chunky] Task running for world. Processed: 26913 chunks (75.34%), ETA: 0:07:10, Rate: 20.5 cps, Current: 173, 31
[13:02:48] [Server thread/INFO]: [Chunky] Task running for world. Processed: 26945 chunks (75.43%), ETA: 0:07:09, Rate: 20.4 cps, Current: 160, -27
[13:02:49] [Server thread/INFO]: [Chunky] Task running for world. Processed: 26963 chunks (75.48%), ETA: 0:07:04, Rate: 20.6 cps, Current: 160, -14
[13:02:50] [Server thread/INFO]: [Chunky] Task running for world. Processed: 26984 chunks (75.54%), ETA: 0:07:04, Rate: 20.6 cps, Current: 161, -25
[13:02:51] [Server thread/INFO]: [Chunky] Task running for world. Processed: 27017 chunks (75.63%), ETA: 0:06:50, Rate: 21.2 cps, Current: 162, -24
[13:02:52] [Server thread/INFO]: [Chunky] Task running for world. Processed: 27049 chunks (75.72%), ETA: 0:06:37, Rate: 21.8 cps, Current: 163, -32
[13:02:53] [Server thread/INFO]: [Chunky] Task running for world. Processed: 27073 chunks (75.79%), ETA: 0:06:36, Rate: 21.8 cps, Current: 164, -28
[13:02:54] [Server thread/INFO]: [Chunky] Task running for world. Processed: 27100 chunks (75.87%), ETA: 0:06:29, Rate: 22.1 cps, Current: 164, -8
[13:02:55] [Server thread/INFO]: [Chunky] Task running for world. Processed: 27129 chunks (75.95%), ETA: 0:06:24, Rate: 22.3 cps, Current: 165, -11
[13:02:56] [Server thread/INFO]: [Chunky] Task running for world. Processed: 27151 chunks (76.01%), ETA: 0:06:22, Rate: 22.4 cps, Current: 166, -18
[13:02:57] [Server thread/INFO]: [Chunky] Task running for world. Processed: 27169 chunks (76.06%), ETA: 0:06:07, Rate: 23.3 cps, Current: 167, -28
[13:02:58] [Server thread/INFO]: [Chunky] Task running for world. Processed: 27201 chunks (76.15%), ETA: 0:06:01, Rate: 23.5 cps, Current: 168, -28
[13:03:00] [Server thread/INFO]: [Chunky] Task running for world. Processed: 27233 chunks (76.24%), ETA: 0:06:06, Rate: 23.1 cps, Current: 169, -1
[13:03:01] [Server thread/INFO]: [Chunky] Task running for world. Processed: 27265 chunks (76.33%), ETA: 0:06:06, Rate: 23.1 cps, Current: 170, -1
[13:03:02] [Server thread/INFO]: [Chunky] Task running for world. Processed: 27297 chunks (76.42%), ETA: 0:06:01, Rate: 23.3 cps, Current: 171, -28
[13:03:04] [Server thread/INFO]: [Chunky] Task running for world. Processed: 27329 chunks (76.51%), ETA: 0:06:03, Rate: 23.1 cps, Current: 172, -27
[13:03:06] [Server thread/INFO]: [Chunky] Task running for world. Processed: 27361 chunks (76.60%), ETA: 0:06:04, Rate: 22.9 cps, Current: 173, -28
[13:03:08] [Server thread/INFO]: [Chunky] Task running for world. Processed: 27393 chunks (76.69%), ETA: 0:06:22, Rate: 21.7 cps, Current: 160, -56
[13:03:09] [Server thread/INFO]: [Chunky] Task running for world. Processed: 27425 chunks (76.78%), ETA: 0:06:21, Rate: 21.7 cps, Current: 161, -55
[13:03:10] [Server thread/INFO]: [Chunky] Task running for world. Processed: 27457 chunks (76.87%), ETA: 0:06:17, Rate: 21.9 cps, Current: 162, -54
[13:03:12] [Server thread/INFO]: [Chunky] Task running for world. Processed: 27489 chunks (76.95%), ETA: 0:06:15, Rate: 21.9 cps, Current: 163, -54
[13:03:13] [Server thread/INFO]: [Chunky] Task running for world. Processed: 27521 chunks (77.04%), ETA: 0:06:12, Rate: 22.0 cps, Current: 164, -54
[13:03:14] [Server thread/INFO]: [Chunky] Task running for world. Processed: 27553 chunks (77.13%), ETA: 0:06:04, Rate: 22.4 cps, Current: 165, -54
[13:03:16] [Server thread/INFO]: [Chunky] Task running for world. Processed: 27585 chunks (77.22%), ETA: 0:06:02, Rate: 22.5 cps, Current: 166, -33
[13:03:18] [Server thread/INFO]: [Chunky] Task running for world. Processed: 27617 chunks (77.31%), ETA: 0:06:00, Rate: 22.5 cps, Current: 167, -55
[13:03:19] [Server thread/INFO]: [Chunky] Task running for world. Processed: 27649 chunks (77.40%), ETA: 0:05:53, Rate: 22.8 cps, Current: 168, -55
[13:03:20] [Server thread/INFO]: [Chunky] Task running for world. Processed: 27681 chunks (77.49%), ETA: 0:05:56, Rate: 22.6 cps, Current: 169, -55
[13:03:22] [Server thread/INFO]: [Chunky] Task running for world. Processed: 27713 chunks (77.58%), ETA: 0:06:06, Rate: 21.8 cps, Current: 170, -54
[13:03:25] [Server thread/INFO]: [Chunky] Task running for world. Processed: 27745 chunks (77.67%), ETA: 0:06:21, Rate: 20.9 cps, Current: 171, -55
[13:03:26] [Server thread/INFO]: [Chunky] Task running for world. Processed: 27774 chunks (77.75%), ETA: 0:06:16, Rate: 21.1 cps, Current: 171, -38
[13:03:27] [Server thread/INFO]: [Chunky] Task running for world. Processed: 27777 chunks (77.76%), ETA: 0:06:24, Rate: 20.7 cps, Current: 172, -55
[13:03:29] [Server thread/INFO]: [Chunky] Task running for world. Processed: 27809 chunks (77.85%), ETA: 0:06:39, Rate: 19.8 cps, Current: 173, -55
[13:03:31] [Server thread/INFO]: [Chunky] Task running for world. Processed: 27841 chunks (77.94%), ETA: 0:06:45, Rate: 19.5 cps, Current: 160, -65
[13:03:32] [Server thread/INFO]: [Chunky] Task running for world. Processed: 27847 chunks (77.96%), ETA: 0:07:04, Rate: 18.6 cps, Current: 162, -67
[13:03:33] [Server thread/INFO]: [Chunky] Task running for world. Processed: 27871 chunks (78.02%), ETA: 0:07:01, Rate: 18.6 cps, Current: 167, -65
[13:03:34] [Server thread/INFO]: [Chunky] Task running for world. Processed: 27892 chunks (78.08%), ETA: 0:06:59, Rate: 18.7 cps, Current: 160, -69
[13:03:35] [Server thread/INFO]: [Chunky] Task running for world. Processed: 27906 chunks (78.12%), ETA: 0:07:02, Rate: 18.5 cps, Current: 169, -69
[13:03:36] [Server thread/INFO]: [Chunky] Task running for world. Processed: 27921 chunks (78.16%), ETA: 0:06:51, Rate: 18.9 cps, Current: 128, -71
[13:03:37] [Server thread/INFO]: [Chunky] Task running for world. Processed: 27946 chunks (78.23%), ETA: 0:06:47, Rate: 19.1 cps, Current: 129, -70
[13:03:38] [Server thread/INFO]: [Chunky] Task running for world. Processed: 27967 chunks (78.29%), ETA: 0:06:55, Rate: 18.7 cps, Current: 173, -70
[13:03:39] [Server thread/INFO]: [Chunky] Task running for world. Processed: 27981 chunks (78.33%), ETA: 0:07:05, Rate: 18.2 cps, Current: 135, -66
[13:03:40] [Server thread/INFO]: [Chunky] Task running for world. Processed: 28000 chunks (78.39%), ETA: 0:07:04, Rate: 18.2 cps, Current: 137, -67
[13:03:41] [Server thread/INFO]: [Chunky] Task running for world. Processed: 28014 chunks (78.42%), ETA: 0:07:13, Rate: 17.8 cps, Current: 135, -71
[13:03:42] [Server thread/INFO]: [Chunky] Task running for world. Processed: 28040 chunks (78.50%), ETA: 0:07:12, Rate: 17.8 cps, Current: 143, -67
[13:03:43] [Server thread/INFO]: [Chunky] Task running for world. Processed: 28052 chunks (78.53%), ETA: 0:07:23, Rate: 17.3 cps, Current: 147, -65
[13:03:45] [Server thread/INFO]: [Chunky] Task running for world. Processed: 28072 chunks (78.59%), ETA: 0:07:25, Rate: 17.2 cps, Current: 148, -66
[13:03:46] [Server thread/INFO]: [Chunky] Task running for world. Processed: 28096 chunks (78.65%), ETA: 0:07:20, Rate: 17.3 cps, Current: 153, -65
[13:03:47] [Server thread/INFO]: [Chunky] Task running for world. Processed: 34633 chunks (96.95%), ETA: 0:01:02, Rate: 17.5 cps, Current: 148, -71
[13:03:48] [Server thread/INFO]: [Chunky] Task running for world. Processed: 34675 chunks (97.07%), ETA: 0:00:59, Rate: 17.5 cps, Current: 126, 104
[13:03:49] [Server thread/INFO]: [Chunky] Task running for world. Processed: 34681 chunks (97.09%), ETA: 0:01:01, Rate: 16.9 cps, Current: 126, 105
[13:03:51] [Server thread/INFO]: [Chunky] Task running for world. Processed: 34716 chunks (97.19%), ETA: 0:00:58, Rate: 17.3 cps, Current: 128, 100
[13:03:52] [Server thread/INFO]: [Chunky] Task running for world. Processed: 34746 chunks (97.27%), ETA: 0:00:55, Rate: 17.6 cps, Current: 129, 103
[13:03:53] [Server thread/INFO]: [Chunky] Task running for world. Processed: 34777 chunks (97.36%), ETA: 0:00:52, Rate: 18.1 cps, Current: 130, 108
[13:03:54] [Server thread/INFO]: [Chunky] Task running for world. Processed: 34803 chunks (97.43%), ETA: 0:00:50, Rate: 18.3 cps, Current: 131, 110
[13:03:55] [Server thread/INFO]: [Chunky] Task running for world. Processed: 34830 chunks (97.51%), ETA: 0:00:49, Rate: 18.1 cps, Current: 133, 104
[13:03:56] [Server thread/INFO]: [Chunky] Task running for world. Processed: 34864 chunks (97.60%), ETA: 0:00:45, Rate: 18.9 cps, Current: 135, 102
[13:03:57] [Server thread/INFO]: [Chunky] Task running for world. Processed: 34896 chunks (97.69%), ETA: 0:00:42, Rate: 19.6 cps, Current: 135, 113
[13:03:58] [Server thread/INFO]: [Chunky] Task running for world. Processed: 34930 chunks (97.79%), ETA: 0:00:40, Rate: 19.8 cps, Current: 138, 102
[13:03:59] [Server thread/INFO]: [Chunky] Task running for world. Processed: 34961 chunks (97.87%), ETA: 0:00:37, Rate: 20.1 cps, Current: 139, 104
[13:04:00] [Server thread/INFO]: [Chunky] Task running for world. Processed: 34997 chunks (97.97%), ETA: 0:00:35, Rate: 20.4 cps, Current: 140, 108
[13:04:01] [Server thread/INFO]: [Chunky] Task running for world. Processed: 35020 chunks (98.04%), ETA: 0:00:33, Rate: 20.9 cps, Current: 142, 102
[13:04:02] [Server thread/INFO]: [Chunky] Task running for world. Processed: 35048 chunks (98.12%), ETA: 0:00:32, Rate: 20.9 cps, Current: 142, 112
[13:04:03] [Server thread/INFO]: [Chunky] Task running for world. Processed: 35070 chunks (98.18%), ETA: 0:00:31, Rate: 20.8 cps, Current: 145, 99
[13:04:04] [Server thread/INFO]: [Chunky] Task running for world. Processed: 35090 chunks (98.23%), ETA: 0:00:30, Rate: 20.9 cps, Current: 144, 111
[13:04:06] [Server thread/INFO]: [Chunky] Task running for world. Processed: 35106 chunks (98.28%), ETA: 0:00:29, Rate: 20.7 cps, Current: 146, 102
[13:04:07] [Server thread/INFO]: [Chunky] Task running for world. Processed: 35127 chunks (98.34%), ETA: 0:00:28, Rate: 20.5 cps, Current: 145, 116
[13:04:08] [Server thread/INFO]: [Chunky] Task running for world. Processed: 35152 chunks (98.41%), ETA: 0:00:27, Rate: 20.6 cps, Current: 149, 99
[13:04:09] [Server thread/INFO]: [Chunky] Task running for world. Processed: 35179 chunks (98.48%), ETA: 0:00:26, Rate: 20.8 cps, Current: 150, 100
[13:04:10] [Server thread/INFO]: [Chunky] Task running for world. Processed: 35207 chunks (98.56%), ETA: 0:00:24, Rate: 21.0 cps, Current: 150, 105
[13:04:11] [Server thread/INFO]: [Chunky] Task running for world. Processed: 35239 chunks (98.65%), ETA: 0:00:22, Rate: 21.4 cps, Current: 150, 117
[13:04:12] [Server thread/INFO]: [Chunky] Task running for world. Processed: 35264 chunks (98.72%), ETA: 0:00:21, Rate: 21.3 cps, Current: 154, 99
[13:04:13] [Server thread/INFO]: [Chunky] Task running for world. Processed: 35289 chunks (98.79%), ETA: 0:00:19, Rate: 21.8 cps, Current: 154, 104
[13:04:14] [Server thread/INFO]: [Chunky] Task running for world. Processed: 35317 chunks (98.87%), ETA: 0:00:18, Rate: 22.1 cps, Current: 154, 116
[13:04:15] [Server thread/INFO]: [Chunky] Task running for world. Processed: 35344 chunks (98.94%), ETA: 0:00:16, Rate: 22.3 cps, Current: 156, 109
[13:04:16] [Server thread/INFO]: [Chunky] Task running for world. Processed: 35368 chunks (99.01%), ETA: 0:00:16, Rate: 22.0 cps, Current: 157, 110
[13:04:17] [Server thread/INFO]: [Chunky] Task running for world. Processed: 35390 chunks (99.07%), ETA: 0:00:15, Rate: 22.0 cps, Current: 159, 100
[13:04:19] [Server thread/INFO]: [Chunky] Task running for world. Processed: 35417 chunks (99.15%), ETA: 0:00:13, Rate: 22.6 cps, Current: 159, 115
[13:04:20] [Server thread/INFO]: [Chunky] Task running for world. Processed: 35445 chunks (99.23%), ETA: 0:00:12, Rate: 22.6 cps, Current: 162, 98
[13:04:21] [Server thread/INFO]: [Chunky] Task running for world. Processed: 35470 chunks (99.30%), ETA: 0:00:11, Rate: 22.5 cps, Current: 162, 105
[13:04:22] [Server thread/INFO]: [Chunky] Task running for world. Processed: 35497 chunks (99.37%), ETA: 0:00:09, Rate: 22.5 cps, Current: 164, 99
[13:04:23] [Server thread/INFO]: [Chunky] Task running for world. Processed: 35526 chunks (99.45%), ETA: 0:00:08, Rate: 22.7 cps, Current: 164, 115
[13:04:24] [Server thread/INFO]: [Chunky] Task running for world. Processed: 35552 chunks (99.53%), ETA: 0:00:07, Rate: 22.8 cps, Current: 166, 101
[13:04:25] [Server thread/INFO]: [Chunky] Task running for world. Processed: 35575 chunks (99.59%), ETA: 0:00:06, Rate: 22.6 cps, Current: 167, 102
[13:04:26] [Server thread/INFO]: [Chunky] Task running for world. Processed: 35600 chunks (99.66%), ETA: 0:00:05, Rate: 22.4 cps, Current: 169, 98
[13:04:27] [Server thread/INFO]: [Chunky] Task running for world. Processed: 35623 chunks (99.73%), ETA: 0:00:04, Rate: 22.3 cps, Current: 170, 98
[13:04:28] [Server thread/INFO]: [Chunky] Task running for world. Processed: 35650 chunks (99.80%), ETA: 0:00:03, Rate: 22.5 cps, Current: 170, 109
[13:04:29] [Server thread/INFO]: [Chunky] Task running for world. Processed: 35676 chunks (99.87%), ETA: 0:00:01, Rate: 22.5 cps, Current: 172, 99
[13:04:30] [Server thread/INFO]: [Chunky] Task running for world. Processed: 35704 chunks (99.95%), ETA: 0:00:00, Rate: 22.6 cps, Current: 172, 117
[13:04:31] [Server thread/INFO]: [Chunky] Task finished for world. Processed: 35721 chunks (100.00%), Total time: 0:03:45
[13:04:31] [Server thread/INFO]: [Chunky] Radius changed to 2000.
[13:04:34] [Server thread/INFO]: [Chunky] Task started in world for the square region centered at 1275.96, 383.91 with radius 2000.
[13:04:37] [Server thread/INFO]: [Chunky] Task running for world. Processed: 26005 chunks (41.28%), ETA: 3:03:44, Rate: 3.4 cps, Current: 174, 91
[13:04:39] [Server thread/INFO]: [Chunky] Task running for world. Processed: 26082 chunks (41.40%), ETA: 1:03:20, Rate: 9.7 cps, Current: 174, 84
[13:04:41] [Server thread/INFO]: [Chunky] Task running for world. Processed: 26113 chunks (41.45%), ETA: 0:51:32, Rate: 11.9 cps, Current: 176, 82
[13:04:42] [Server thread/INFO]: [Chunky] Task running for world. Processed: 26135 chunks (41.48%), ETA: 0:45:54, Rate: 13.4 cps, Current: 179, 85
[13:04:43] [Server thread/INFO]: [Chunky] Task running for world. Processed: 26153 chunks (41.51%), ETA: 0:44:22, Rate: 13.8 cps, Current: 178, 86
[13:04:44] [Server thread/INFO]: [Chunky] Task running for world. Processed: 26180 chunks (41.55%), ETA: 0:40:39, Rate: 15.1 cps, Current: 177, 90
[13:04:45] [Server thread/INFO]: [Chunky] Task running for world. Processed: 26208 chunks (41.60%), ETA: 0:37:43, Rate: 16.3 cps, Current: 177, 95
[13:04:46] [Server thread/INFO]: [Chunky] Task running for world. Processed: 26233 chunks (41.64%), ETA: 0:35:56, Rate: 17.1 cps, Current: 183, 90
[13:04:47] [Server thread/INFO]: [Chunky] Task running for world. Processed: 26248 chunks (41.66%), ETA: 0:36:17, Rate: 16.9 cps, Current: 185, 90
[13:04:48] [Server thread/INFO]: [Chunky] Task running for world. Processed: 26262 chunks (41.69%), ETA: 0:36:46, Rate: 16.7 cps, Current: 185, 94
[13:04:49] [Server thread/INFO]: [Chunky] Task running for world. Processed: 26284 chunks (41.72%), ETA: 0:36:07, Rate: 16.9 cps, Current: 190, 94
[13:04:50] [Server thread/INFO]: [Chunky] Task running for world. Processed: 26299 chunks (41.74%), ETA: 0:36:26, Rate: 16.8 cps, Current: 190, 89
[13:04:51] [Server thread/INFO]: [Chunky] Task running for world. Processed: 26331 chunks (41.79%), ETA: 0:34:33, Rate: 17.7 cps, Current: 191, 88
[13:04:53] [Server thread/INFO]: [Chunky] Task running for world. Processed: 26356 chunks (41.83%), ETA: 0:34:05, Rate: 17.9 cps, Current: 189, 82
[13:04:54] [Server thread/INFO]: [Chunky] Task running for world. Processed: 26365 chunks (41.85%), ETA: 0:35:32, Rate: 17.2 cps, Current: 190, 81
[13:04:55] [Server thread/INFO]: [Chunky] Task running for world. Processed: 26380 chunks (41.87%), ETA: 0:36:01, Rate: 16.9 cps, Current: 189, 74
[13:04:56] [Server thread/INFO]: [Chunky] Task running for world. Processed: 26404 chunks (41.91%), ETA: 0:35:20, Rate: 17.3 cps, Current: 191, 77
[13:04:57] [Server thread/INFO]: [Chunky] Task running for world. Processed: 26432 chunks (41.95%), ETA: 0:34:39, Rate: 17.6 cps, Current: 183, 78
[13:04:58] [Server thread/INFO]: [Chunky] Task running for world. Processed: 26459 chunks (42.00%), ETA: 0:33:51, Rate: 18.0 cps, Current: 177, 76
[13:05:00] [Server thread/INFO]: [Chunky] Task running for world. Processed: 26497 chunks (42.06%), ETA: 0:32:43, Rate: 18.6 cps, Current: 183, 71
[13:05:01] [Server thread/INFO]: [Chunky] Task running for world. Processed: 26519 chunks (42.09%), ETA: 0:32:31, Rate: 18.7 cps, Current: 177, 67
[13:05:02] [Server thread/INFO]: [Chunky] Task running for world. Processed: 26543 chunks (42.13%), ETA: 0:32:13, Rate: 18.9 cps, Current: 182, 67
[13:05:03] [Server thread/INFO]: [Chunky] Task running for world. Processed: 26572 chunks (42.18%), ETA: 0:31:41, Rate: 19.2 cps, Current: 179, 64
[13:05:04] [Server thread/INFO]: [Chunky] Task running for world. Processed: 26728 chunks (42.42%), ETA: 0:31:19, Rate: 19.3 cps, Current: 187, 66
[13:05:05] [Server thread/INFO]: [Chunky] Task running for world. Processed: 26999 chunks (42.85%), ETA: 0:31:39, Rate: 19.0 cps, Current: 189, 67
[13:05:06] [Server thread/INFO]: [Chunky] Task running for world. Processed: 27079 chunks (42.98%), ETA: 0:30:33, Rate: 19.6 cps, Current: 174, 47
[13:05:08] [Server thread/INFO]: [Chunky] Task running for world. Processed: 27120 chunks (43.05%), ETA: 0:29:14, Rate: 20.4 cps, Current: 191, 65
[13:05:09] [Server thread/INFO]: [Chunky] Task running for world. Processed: 27137 chunks (43.07%), ETA: 0:29:15, Rate: 20.4 cps, Current: 176, 49
[13:05:10] [Server thread/INFO]: [Chunky] Task running for world. Processed: 27141 chunks (43.08%), ETA: 0:30:08, Rate: 19.8 cps, Current: 178, 50
[13:05:11] [Server thread/INFO]: [Chunky] Task running for world. Processed: 27168 chunks (43.12%), ETA: 0:29:54, Rate: 20.0 cps, Current: 181, 49
[13:05:12] [Server thread/INFO]: [Chunky] Task running for world. Processed: 27193 chunks (43.16%), ETA: 0:29:35, Rate: 20.2 cps, Current: 178, 55
[13:05:13] [Server thread/INFO]: [Chunky] Task running for world. Processed: 27226 chunks (43.22%), ETA: 0:29:07, Rate: 20.5 cps, Current: 179, 59
[13:05:14] [Server thread/INFO]: [Chunky] Task running for world. Processed: 27271 chunks (43.29%), ETA: 0:28:11, Rate: 21.1 cps, Current: 184, 60
[13:05:16] [Server thread/INFO]: [Chunky] Task running for world. Processed: 27303 chunks (43.34%), ETA: 0:28:03, Rate: 21.2 cps, Current: 188, 59
[13:05:17] [Server thread/INFO]: [Chunky] Task running for world. Processed: 27332 chunks (43.38%), ETA: 0:27:21, Rate: 21.7 cps, Current: 184, 53
[13:05:18] [Server thread/INFO]: [Chunky] Task running for world. Processed: 27355 chunks (43.42%), ETA: 0:27:07, Rate: 21.9 cps, Current: 186, 52
[13:05:19] [Server thread/INFO]: [Chunky] Task running for world. Processed: 27380 chunks (43.46%), ETA: 0:27:04, Rate: 21.9 cps, Current: 189, 50
[13:05:20] [Server thread/INFO]: [Chunky] Task running for world. Processed: 27389 chunks (43.47%), ETA: 0:27:35, Rate: 21.5 cps, Current: 189, 46
[13:05:21] [Server thread/INFO]: [Chunky] Task running for world. Processed: 27404 chunks (43.50%), ETA: 0:28:26, Rate: 20.9 cps, Current: 191, 49
[13:05:23] [Server thread/INFO]: [Chunky] Task running for world. Processed: 27428 chunks (43.54%), ETA: 0:28:30, Rate: 20.8 cps, Current: 191, 45
[13:05:24] [Server thread/INFO]: [Chunky] Task running for world. Processed: 27457 chunks (43.58%), ETA: 0:27:33, Rate: 21.5 cps, Current: 187, 40
[13:05:25] [Server thread/INFO]: [Chunky] Task running for world. Processed: 27507 chunks (43.66%), ETA: 0:26:10, Rate: 22.6 cps, Current: 177, 41
[13:05:26] [Server thread/INFO]: [Chunky] Task running for world. Processed: 27537 chunks (43.71%), ETA: 0:26:06, Rate: 22.6 cps, Current: 182, 38
[13:05:27] [Server thread/INFO]: [Chunky] Task running for world. Processed: 27562 chunks (43.75%), ETA: 0:26:12, Rate: 22.5 cps, Current: 177, 33
[13:05:29] [Server thread/INFO]: [Chunky] Task running for world. Processed: 27593 chunks (43.80%), ETA: 0:26:24, Rate: 22.3 cps, Current: 183, 33
[13:05:30] [Server thread/INFO]: [Chunky] Task running for world. Processed: 27750 chunks (44.05%), ETA: 0:26:17, Rate: 22.3 cps, Current: 189, 37
[13:05:31] [Server thread/INFO]: [Chunky] Task running for world. Processed: 28024 chunks (44.48%), ETA: 0:26:32, Rate: 22.0 cps, Current: 174, 1
[13:05:32] [Server thread/INFO]: [Chunky] Task running for world. Processed: 28052 chunks (44.53%), ETA: 0:26:56, Rate: 21.6 cps, Current: 190, 34
[13:05:33] [Server thread/INFO]: [Chunky] Task running for world. Processed: 28110 chunks (44.62%), ETA: 0:27:26, Rate: 21.2 cps, Current: 175, 3
[13:05:34] [Server thread/INFO]: [Chunky] Task running for world. Processed: 28145 chunks (44.67%), ETA: 0:26:23, Rate: 22.0 cps, Current: 191, 32
[13:05:35] [Server thread/INFO]: [Chunky] Task running for world. Processed: 28161 chunks (44.70%), ETA: 0:26:31, Rate: 21.9 cps, Current: 176, 17
[13:05:37] [Server thread/INFO]: [Chunky] Task running for world. Processed: 28169 chunks (44.71%), ETA: 0:27:40, Rate: 21.0 cps, Current: 181, 18
[13:05:38] [Server thread/INFO]: [Chunky] Task running for world. Processed: 28193 chunks (44.75%), ETA: 0:27:39, Rate: 21.0 cps, Current: 182, 19
[13:05:39] [Server thread/INFO]: [Chunky] Task running for world. Processed: 28219 chunks (44.79%), ETA: 0:27:04, Rate: 21.4 cps, Current: 178, 23
[13:05:40] [Server thread/INFO]: [Chunky] Task running for world. Processed: 28253 chunks (44.85%), ETA: 0:25:46, Rate: 22.5 cps, Current: 179, 25
